Log file open, 08/29/20 12:35:00
LogInit: Display: Running engine for game: Postrero
LogPlatformFile: Not using cached read wrapper
LogTaskGraph: Started task graph with 5 named threads and 35 total threads with 3 sets of task threads.
LogStats: Stats thread started at 0.228580
LogD3D11RHI: Loaded GFSDK_Aftermath_Lib.x64.dll
LogICUInternationalization: ICU TimeZone Detection - Raw Offset: +9:00, Platform Override: ''
LogPluginManager: Mounting plugin Paper2D
LogPluginManager: Mounting plugin AISupport
LogPluginManager: Mounting plugin LightPropagationVolume
LogPluginManager: Mounting plugin CameraShakePreviewer
LogPluginManager: Mounting plugin ActorLayerUtilities
LogPluginManager: Mounting plugin AnimationSharing
LogPluginManager: Mounting plugin CLionSourceCodeAccess
LogPluginManager: Mounting plugin CodeLiteSourceCodeAccess
LogPluginManager: Mounting plugin GitSourceControl
LogPluginManager: Mounting plugin KDevelopSourceCodeAccess
LogPluginManager: Mounting plugin NullSourceCodeAccess
LogPluginManager: Mounting plugin PerforceSourceControl
LogPluginManager: Mounting plugin PlasticSourceControl
LogPluginManager: Mounting plugin RiderSourceCodeAccess
LogPluginManager: Mounting plugin SubversionSourceControl
LogPluginManager: Mounting plugin UObjectPlugin
LogPluginManager: Mounting plugin VisualStudioCodeSourceCodeAccess
LogPluginManager: Mounting plugin VisualStudioSourceCodeAccess
LogPluginManager: Mounting plugin XCodeSourceCodeAccess
LogPluginManager: Mounting plugin AssetManagerEditor
LogPluginManager: Mounting plugin CryptoKeys
LogPluginManager: Mounting plugin CurveEditorTools
LogPluginManager: Mounting plugin DataValidation
LogPluginManager: Mounting plugin EditorScriptingUtilities
LogPluginManager: Mounting plugin FacialAnimation
LogPluginManager: Mounting plugin GameplayTagsEditor
LogPluginManager: Mounting plugin GeometryMode
LogPluginManager: Mounting plugin MacGraphicsSwitching
LogPluginManager: Mounting plugin MaterialAnalyzer
LogPluginManager: Mounting plugin MobileLauncherProfileWizard
LogPluginManager: Mounting plugin PluginBrowser
LogPluginManager: Mounting plugin SpeedTreeImporter
LogPluginManager: Mounting plugin DatasmithContent
LogPluginManager: Mounting plugin VariantManagerContent
LogPluginManager: Mounting plugin AlembicImporter
LogPluginManager: Mounting plugin AutomationUtils
LogPluginManager: Mounting plugin BackChannel
LogPluginManager: Mounting plugin ChaosCloth
LogPluginManager: Mounting plugin ChaosClothEditor
LogPluginManager: Mounting plugin ChaosEditor
LogPluginManager: Mounting plugin ChaosNiagara
LogPluginManager: Mounting plugin ChaosSolverPlugin
LogPluginManager: Mounting plugin CharacterAI
LogPluginManager: Mounting plugin GeometryCache
LogPluginManager: Mounting plugin GeometryCollectionPlugin
LogPluginManager: Mounting plugin GeometryProcessing
LogPluginManager: Mounting plugin PlanarCut
LogPluginManager: Mounting plugin PlatformCrypto
LogPluginManager: Mounting plugin ProxyLODPlugin
LogPluginManager: Mounting plugin SkeletalReduction
LogPluginManager: Mounting plugin Niagara
LogPluginManager: Mounting plugin MagicLeap
LogPluginManager: Mounting plugin MagicLeapLightEstimation
LogPluginManager: Mounting plugin MagicLeapMedia
LogPluginManager: Mounting plugin MagicLeapPassableWorld
LogPluginManager: Mounting plugin MLSDK
LogPluginManager: Mounting plugin Substance
LogPluginManager: Mounting plugin AndroidMedia
LogPluginManager: Mounting plugin AvfMedia
LogPluginManager: Mounting plugin ImgMedia
LogPluginManager: Mounting plugin MediaCompositing
LogPluginManager: Mounting plugin MediaPlayerEditor
LogPluginManager: Mounting plugin WebMMedia
LogPluginManager: Mounting plugin WmfMedia
LogPluginManager: Mounting plugin MeshPainting
LogPluginManager: Mounting plugin TcpMessaging
LogPluginManager: Mounting plugin UdpMessaging
LogPluginManager: Mounting plugin ActorSequence
LogPluginManager: Mounting plugin LevelSequenceEditor
LogPluginManager: Mounting plugin MatineeToLevelSequence
LogPluginManager: Mounting plugin MovieRenderPipeline
LogPluginManager: Mounting plugin TemplateSequence
LogPluginManager: Mounting plugin NetcodeUnitTest
LogPluginManager: Mounting plugin NUTUnrealEngine4
LogPluginManager: Mounting plugin OnlineSubsystemGooglePlay
LogPluginManager: Mounting plugin OnlineSubsystemIOS
LogPluginManager: Mounting plugin OnlineSubsystem
LogPluginManager: Mounting plugin OnlineSubsystemNull
LogPluginManager: Mounting plugin OnlineSubsystemUtils
LogPluginManager: Mounting plugin LauncherChunkInstaller
LogPluginManager: Mounting plugin AndroidDeviceProfileSelector
LogPluginManager: Mounting plugin AndroidMoviePlayer
LogPluginManager: Mounting plugin AndroidPermission
LogPluginManager: Mounting plugin AppleImageUtils
LogPluginManager: Mounting plugin AppleMoviePlayer
LogPluginManager: Mounting plugin ArchVisCharacter
LogPluginManager: Mounting plugin AssetTags
LogPluginManager: Mounting plugin AudioCapture
LogPluginManager: Mounting plugin CableComponent
LogPluginManager: Mounting plugin CustomMeshComponent
LogPluginManager: Mounting plugin EditableMesh
LogPluginManager: Mounting plugin ExampleDeviceProfileSelector
LogPluginManager: Mounting plugin GoogleCloudMessaging
LogPluginManager: Mounting plugin GooglePAD
LogPluginManager: Mounting plugin IOSDeviceProfileSelector
LogPluginManager: Mounting plugin LinuxDeviceProfileSelector
LogPluginManager: Mounting plugin LocationServicesBPLibrary
LogPluginManager: Mounting plugin MobilePatchingUtils
LogPluginManager: Mounting plugin OculusVR
LogPluginManager: Mounting plugin PhysXVehicles
LogPluginManager: Mounting plugin PostSplashScreen
LogPluginManager: Mounting plugin ProceduralMeshComponent
LogPluginManager: Mounting plugin RuntimePhysXCooking
LogPluginManager: Mounting plugin SignificanceManager
LogPluginManager: Mounting plugin SoundFields
LogPluginManager: Mounting plugin SteamVR
LogPluginManager: Mounting plugin Synthesis
LogPluginManager: Mounting plugin WebMMoviePlayer
LogPluginManager: Mounting plugin WindowsMoviePlayer
LogPluginManager: Mounting plugin ScreenshotTools
LogInit: Using libcurl 7.55.1-DEV
LogInit:  - built for x86_64-pc-win32
LogInit:  - supports SSL with OpenSSL/1.1.1
LogInit:  - supports HTTP deflate (compression) using libz 1.2.8
LogInit:  - other features:
LogInit:      CURL_VERSION_SSL
LogInit:      CURL_VERSION_LIBZ
LogInit:      CURL_VERSION_IPV6
LogInit:      CURL_VERSION_ASYNCHDNS
LogInit:      CURL_VERSION_LARGEFILE
LogInit:      CURL_VERSION_IDN
LogInit:  CurlRequestOptions (configurable via config and command line):
LogInit:  - bVerifyPeer = true  - Libcurl will verify peer certificate
LogInit:  - bUseHttpProxy = false  - Libcurl will NOT use HTTP proxy
LogInit:  - bDontReuseConnections = false  - Libcurl will reuse connections
LogInit:  - MaxHostConnections = 16  - Libcurl will limit the number of connections to a host
LogInit:  - LocalHostAddr = Default
LogInit:  - BufferSize = 65536
LogOnline: OSS: Creating online subsystem instance for: NULL
LogInit: WinSock: version 1.1 (2.2), MaxSocks=32767, MaxUdp=65467
LogOnline: OSS: TryLoadSubsystemAndSetDefault: Loaded subsystem for module [NULL]
LogInit: Build: ++UE4+Release-4.25-CL-13942748
LogInit: Engine Version: 4.25.3-13942748+++UE4+Release-4.25
LogInit: Compatible Engine Version: 4.25.0-13144385+++UE4+Release-4.25
LogInit: Net CL: 13144385
LogInit: OS: Windows 10 (Release 2004) (), CPU: Intel(R) Core(TM) i7-8750H CPU @ 2.20GHz, GPU: NVIDIA GeForce GTX 1060
LogInit: Compiled (64-bit): Jul 25 2020 02:07:48
LogInit: Compiled with Visual C++: 19.24.28315.00
LogInit: Build Configuration: Development
LogInit: Branch Name: ++UE4+Release-4.25
LogInit: Command Line: 
LogInit: Base Directory: C:/Program Files/Epic Games/UE_4.25/Engine/Binaries/Win64/
LogInit: Allocator: TBB
LogInit: Installed Engine Build: 1
LogDevObjectVersion: Number of dev versions registered: 26
LogDevObjectVersion:   Dev-Blueprints (B0D832E4-1F89-4F0D-ACCF-7EB736FD4AA2): 10
LogDevObjectVersion:   Dev-Build (E1C64328-A22C-4D53-A36C-8E866417BD8C): 0
LogDevObjectVersion:   Dev-Core (375EC13C-06E4-48FB-B500-84F0262A717E): 4
LogDevObjectVersion:   Dev-Editor (E4B068ED-F494-42E9-A231-DA0B2E46BB41): 38
LogDevObjectVersion:   Dev-Framework (CFFC743F-43B0-4480-9391-14DF171D2073): 37
LogDevObjectVersion:   Dev-Mobile (B02B49B5-BB20-44E9-A304-32B752E40360): 2
LogDevObjectVersion:   Dev-Networking (A4E4105C-59A1-49B5-A7C5-40C4547EDFEE): 0
LogDevObjectVersion:   Dev-Online (39C831C9-5AE6-47DC-9A44-9C173E1C8E7C): 0
LogDevObjectVersion:   Dev-Physics (78F01B33-EBEA-4F98-B9B4-84EACCB95AA2): 4
LogDevObjectVersion:   Dev-Platform (6631380F-2D4D-43E0-8009-CF276956A95A): 0
LogDevObjectVersion:   Dev-Rendering (12F88B9F-8875-4AFC-A67C-D90C383ABD29): 43
LogDevObjectVersion:   Dev-Sequencer (7B5AE74C-D270-4C10-A958-57980B212A5A): 12
LogDevObjectVersion:   Dev-VR (D7296918-1DD6-4BDD-9DE2-64A83CC13884): 3
LogDevObjectVersion:   Dev-LoadTimes (C2A15278-BFE7-4AFE-6C17-90FF531DF755): 1
LogDevObjectVersion:   Private-Geometry (6EACA3D4-40EC-4CC1-B786-8BED09428FC5): 3
LogDevObjectVersion:   Dev-AnimPhys (29E575DD-E0A3-4627-9D10-D276232CDCEA): 17
LogDevObjectVersion:   Dev-Anim (AF43A65D-7FD3-4947-9873-3E8ED9C1BB05): 7
LogDevObjectVersion:   Dev-ReflectionCapture (6B266CEC-1EC7-4B8F-A30B-E4D90942FC07): 1
LogDevObjectVersion:   Dev-Automation (0DF73D61-A23F-47EA-B727-89E90C41499A): 1
LogDevObjectVersion:   FortniteMain (601D1886-AC64-4F84-AA16-D3DE0DEAC7D6): 31
LogDevObjectVersion:   Dev-Enterprise (9DFFBCD6-494F-0158-E221-12823C92A888): 10
LogDevObjectVersion:   Dev-Niagara (F2AED0AC-9AFE-416F-8664-AA7FFA26D6FC): 1
LogDevObjectVersion:   Dev-Destruction (174F1F0B-B4C6-45A5-B13F-2EE8D0FB917D): 10
LogDevObjectVersion:   Dev-Physics-Ext (35F94A83-E258-406C-A318-09F59610247C): 37
LogDevObjectVersion:   Dev-PhysicsMaterial-Chaos (B68FC16E-8B1B-42E2-B453-215C058844FE): 1
LogDevObjectVersion:   Dev-CineCamera (B2E18506-4273-CFC2-A54E-F4BB758BBA07): 1
LogInit: Presizing for max 25165824 objects, including 0 objects not considered by GC, pre-allocating 0 bytes for permanent pool.
LogConfig: Applying CVar settings from Section [/Script/Engine.StreamingSettings] File [C:/Users/parkm/OneDrive/문서/GitHub/Postrero_UE4/Postrero/Saved/Config/Windows/Engine.ini]
LogConfig: Setting CVar [[s.MinBulkDataSizeForAsyncLoading:131072]]
LogConfig: Setting CVar [[s.AsyncLoadingThreadEnabled:0]]
LogConfig: Setting CVar [[s.EventDrivenLoaderEnabled:1]]
LogConfig: Setting CVar [[s.WarnIfTimeLimitExceeded:0]]
LogConfig: Setting CVar [[s.TimeLimitExceededMultiplier:1.5]]
LogConfig: Setting CVar [[s.TimeLimitExceededMinTime:0.005]]
LogConfig: Setting CVar [[s.UseBackgroundLevelStreaming:1]]
LogConfig: Setting CVar [[s.PriorityAsyncLoadingExtraTime:15.0]]
LogConfig: Setting CVar [[s.LevelStreamingActorsUpdateTimeLimit:5.0]]
LogConfig: Setting CVar [[s.PriorityLevelStreamingActorsUpdateExtraTime:5.0]]
LogConfig: Setting CVar [[s.LevelStreamingComponentsRegistrationGranularity:10]]
LogConfig: Setting CVar [[s.UnregisterComponentsTimeLimit:1.0]]
LogConfig: Setting CVar [[s.LevelStreamingComponentsUnregistrationGranularity:5]]
LogConfig: Setting CVar [[s.FlushStreamingOnExit:1]]
LogInit: Object subsystem initialized
LogConfig: Setting CVar [[con.DebugEarlyDefault:1]]
LogConfig: Setting CVar [[r.setres:1280x720]]
[2020.08.29-03.35.01:095][  0]LogConfig: Setting CVar [[r.VSync:0]]
[2020.08.29-03.35.01:095][  0]LogConfig: Setting CVar [[r.RHICmdBypass:0]]
[2020.08.29-03.35.01:095][  0]LogConfig: Applying CVar settings from Section [/Script/Engine.RendererSettings] File [C:/Users/parkm/OneDrive/문서/GitHub/Postrero_UE4/Postrero/Saved/Config/Windows/Engine.ini]
[2020.08.29-03.35.01:095][  0]LogConfig: Setting CVar [[r.GPUCrashDebugging:0]]
[2020.08.29-03.35.01:095][  0]LogConfig: Applying CVar settings from Section [/Script/Engine.RendererOverrideSettings] File [C:/Users/parkm/OneDrive/문서/GitHub/Postrero_UE4/Postrero/Saved/Config/Windows/Engine.ini]
[2020.08.29-03.35.01:095][  0]LogConfig: Applying CVar settings from Section [/Script/Engine.StreamingSettings] File [C:/Users/parkm/OneDrive/문서/GitHub/Postrero_UE4/Postrero/Saved/Config/Windows/Engine.ini]
[2020.08.29-03.35.01:095][  0]LogConfig: Setting CVar [[s.MinBulkDataSizeForAsyncLoading:131072]]
[2020.08.29-03.35.01:095][  0]LogConfig: Setting CVar [[s.AsyncLoadingThreadEnabled:0]]
[2020.08.29-03.35.01:095][  0]LogConfig: Setting CVar [[s.EventDrivenLoaderEnabled:1]]
[2020.08.29-03.35.01:095][  0]LogConfig: Setting CVar [[s.WarnIfTimeLimitExceeded:0]]
[2020.08.29-03.35.01:095][  0]LogConfig: Setting CVar [[s.TimeLimitExceededMultiplier:1.5]]
[2020.08.29-03.35.01:095][  0]LogConfig: Setting CVar [[s.TimeLimitExceededMinTime:0.005]]
[2020.08.29-03.35.01:095][  0]LogConfig: Setting CVar [[s.UseBackgroundLevelStreaming:1]]
[2020.08.29-03.35.01:095][  0]LogConfig: Setting CVar [[s.PriorityAsyncLoadingExtraTime:15.0]]
[2020.08.29-03.35.01:095][  0]LogConfig: Setting CVar [[s.LevelStreamingActorsUpdateTimeLimit:5.0]]
[2020.08.29-03.35.01:095][  0]LogConfig: Setting CVar [[s.PriorityLevelStreamingActorsUpdateExtraTime:5.0]]
[2020.08.29-03.35.01:095][  0]LogConfig: Setting CVar [[s.LevelStreamingComponentsRegistrationGranularity:10]]
[2020.08.29-03.35.01:095][  0]LogConfig: Setting CVar [[s.UnregisterComponentsTimeLimit:1.0]]
[2020.08.29-03.35.01:095][  0]LogConfig: Setting CVar [[s.LevelStreamingComponentsUnregistrationGranularity:5]]
[2020.08.29-03.35.01:095][  0]LogConfig: Setting CVar [[s.FlushStreamingOnExit:1]]
[2020.08.29-03.35.01:095][  0]LogConfig: Applying CVar settings from Section [/Script/Engine.GarbageCollectionSettings] File [C:/Users/parkm/OneDrive/문서/GitHub/Postrero_UE4/Postrero/Saved/Config/Windows/Engine.ini]
[2020.08.29-03.35.01:095][  0]LogConfig: Setting CVar [[gc.MaxObjectsNotConsideredByGC:1]]
[2020.08.29-03.35.01:095][  0]LogConfig: Setting CVar [[gc.SizeOfPermanentObjectPool:0]]
[2020.08.29-03.35.01:095][  0]LogConfig: Setting CVar [[gc.FlushStreamingOnGC:0]]
[2020.08.29-03.35.01:095][  0]LogConfig: Setting CVar [[gc.NumRetriesBeforeForcingGC:10]]
[2020.08.29-03.35.01:095][  0]LogConfig: Setting CVar [[gc.AllowParallelGC:1]]
[2020.08.29-03.35.01:095][  0]LogConfig: Setting CVar [[gc.TimeBetweenPurgingPendingKillObjects:61.1]]
[2020.08.29-03.35.01:095][  0]LogConfig: Setting CVar [[gc.MaxObjectsInEditor:25165824]]
[2020.08.29-03.35.01:095][  0]LogConfig: Setting CVar [[gc.IncrementalBeginDestroyEnabled:1]]
[2020.08.29-03.35.01:095][  0]LogConfig: Setting CVar [[gc.CreateGCClusters:1]]
[2020.08.29-03.35.01:095][  0]LogConfig: Setting CVar [[gc.MinGCClusterSize:5]]
[2020.08.29-03.35.01:095][  0]LogConfig: Setting CVar [[gc.ActorClusteringEnabled:0]]
[2020.08.29-03.35.01:095][  0]LogConfig: Setting CVar [[gc.BlueprintClusteringEnabled:0]]
[2020.08.29-03.35.01:095][  0]LogConfig: Setting CVar [[gc.UseDisregardForGCOnDedicatedServers:0]]
[2020.08.29-03.35.01:095][  0]LogConfig: Applying CVar settings from Section [/Script/Engine.NetworkSettings] File [C:/Users/parkm/OneDrive/문서/GitHub/Postrero_UE4/Postrero/Saved/Config/Windows/Engine.ini]
[2020.08.29-03.35.01:095][  0]LogConfig: Applying CVar settings from Section [/Script/UnrealEd.CookerSettings] File [C:/Users/parkm/OneDrive/문서/GitHub/Postrero_UE4/Postrero/Saved/Config/Windows/Engine.ini]
[2020.08.29-03.35.01:101][  0]LogConfig: Applying CVar settings from Section [ViewDistanceQuality@3] File [C:/Users/parkm/OneDrive/문서/GitHub/Postrero_UE4/Postrero/Saved/Config/Windows/Scalability.ini]
[2020.08.29-03.35.01:101][  0]LogConfig: Setting CVar [[r.SkeletalMeshLODBias:0]]
[2020.08.29-03.35.01:101][  0]LogConfig: Setting CVar [[r.ViewDistanceScale:1.0]]
[2020.08.29-03.35.01:101][  0]LogConfig: Applying CVar settings from Section [AntiAliasingQuality@3] File [C:/Users/parkm/OneDrive/문서/GitHub/Postrero_UE4/Postrero/Saved/Config/Windows/Scalability.ini]
[2020.08.29-03.35.01:101][  0]LogConfig: Setting CVar [[r.PostProcessAAQuality:4]]
[2020.08.29-03.35.01:101][  0]LogConfig: Applying CVar settings from Section [ShadowQuality@3] File [C:/Users/parkm/OneDrive/문서/GitHub/Postrero_UE4/Postrero/Saved/Config/Windows/Scalability.ini]
[2020.08.29-03.35.01:101][  0]LogConfig: Setting CVar [[r.LightFunctionQuality:1]]
[2020.08.29-03.35.01:101][  0]LogConfig: Setting CVar [[r.ShadowQuality:5]]
[2020.08.29-03.35.01:101][  0]LogConfig: Setting CVar [[r.Shadow.CSM.MaxCascades:10]]
[2020.08.29-03.35.01:101][  0]LogConfig: Setting CVar [[r.Shadow.MaxResolution:2048]]
[2020.08.29-03.35.01:101][  0]LogConfig: Setting CVar [[r.Shadow.MaxCSMResolution:2048]]
[2020.08.29-03.35.01:101][  0]LogConfig: Setting CVar [[r.Shadow.RadiusThreshold:0.01]]
[2020.08.29-03.35.01:101][  0]LogConfig: Setting CVar [[r.Shadow.DistanceScale:1.0]]
[2020.08.29-03.35.01:101][  0]LogConfig: Setting CVar [[r.Shadow.CSM.TransitionScale:1.0]]
[2020.08.29-03.35.01:101][  0]LogConfig: Setting CVar [[r.Shadow.PreShadowResolutionFactor:1.0]]
[2020.08.29-03.35.01:101][  0]LogConfig: Setting CVar [[r.DistanceFieldShadowing:1]]
[2020.08.29-03.35.01:101][  0]LogConfig: Setting CVar [[r.DistanceFieldAO:1]]
[2020.08.29-03.35.01:101][  0]LogConfig: Setting CVar [[r.AOQuality:2]]
[2020.08.29-03.35.01:101][  0]LogConfig: Setting CVar [[r.VolumetricFog:1]]
[2020.08.29-03.35.01:101][  0]LogConfig: Setting CVar [[r.VolumetricFog.GridPixelSize:8]]
[2020.08.29-03.35.01:101][  0]LogConfig: Setting CVar [[r.VolumetricFog.GridSizeZ:128]]
[2020.08.29-03.35.01:101][  0]LogConfig: Setting CVar [[r.VolumetricFog.HistoryMissSupersampleCount:4]]
[2020.08.29-03.35.01:101][  0]LogConfig: Setting CVar [[r.LightMaxDrawDistanceScale:1]]
[2020.08.29-03.35.01:101][  0]LogConfig: Setting CVar [[r.CapsuleShadows:1]]
[2020.08.29-03.35.01:101][  0]LogConfig: Applying CVar settings from Section [PostProcessQuality@3] File [C:/Users/parkm/OneDrive/문서/GitHub/Postrero_UE4/Postrero/Saved/Config/Windows/Scalability.ini]
[2020.08.29-03.35.01:101][  0]LogConfig: Setting CVar [[r.MotionBlurQuality:4]]
[2020.08.29-03.35.01:101][  0]LogConfig: Setting CVar [[r.AmbientOcclusionMipLevelFactor:0.4]]
[2020.08.29-03.35.01:101][  0]LogConfig: Setting CVar [[r.AmbientOcclusionMaxQuality:100]]
[2020.08.29-03.35.01:101][  0]LogConfig: Setting CVar [[r.AmbientOcclusionLevels:-1]]
[2020.08.29-03.35.01:101][  0]LogConfig: Setting CVar [[r.AmbientOcclusionRadiusScale:1.0]]
[2020.08.29-03.35.01:101][  0]LogConfig: Setting CVar [[r.DepthOfFieldQuality:2]]
[2020.08.29-03.35.01:101][  0]LogConfig: Setting CVar [[r.RenderTargetPoolMin:400]]
[2020.08.29-03.35.01:101][  0]LogConfig: Setting CVar [[r.LensFlareQuality:2]]
[2020.08.29-03.35.01:101][  0]LogConfig: Setting CVar [[r.SceneColorFringeQuality:1]]
[2020.08.29-03.35.01:101][  0]LogConfig: Setting CVar [[r.EyeAdaptationQuality:2]]
[2020.08.29-03.35.01:101][  0]LogConfig: Setting CVar [[r.BloomQuality:5]]
[2020.08.29-03.35.01:101][  0]LogConfig: Setting CVar [[r.FastBlurThreshold:100]]
[2020.08.29-03.35.01:101][  0]LogConfig: Setting CVar [[r.Upscale.Quality:3]]
[2020.08.29-03.35.01:101][  0]LogConfig: Setting CVar [[r.Tonemapper.GrainQuantization:1]]
[2020.08.29-03.35.01:101][  0]LogConfig: Setting CVar [[r.LightShaftQuality:1]]
[2020.08.29-03.35.01:101][  0]LogConfig: Setting CVar [[r.Filter.SizeScale:1]]
[2020.08.29-03.35.01:101][  0]LogConfig: Setting CVar [[r.Tonemapper.Quality:5]]
[2020.08.29-03.35.01:101][  0]LogConfig: Setting CVar [[r.DOF.Gather.AccumulatorQuality:1        ; higher gathering accumulator quality]]
[2020.08.29-03.35.01:101][  0]LogConfig: Setting CVar [[r.DOF.Gather.PostfilterMethod:1          ; Median3x3 postfilering method]]
[2020.08.29-03.35.01:101][  0]LogConfig: Setting CVar [[r.DOF.Gather.EnableBokehSettings:0       ; no bokeh simulation when gathering]]
[2020.08.29-03.35.01:101][  0]LogConfig: Setting CVar [[r.DOF.Gather.RingCount:4                 ; medium number of samples when gathering]]
[2020.08.29-03.35.01:101][  0]LogConfig: Setting CVar [[r.DOF.Scatter.ForegroundCompositing:1    ; additive foreground scattering]]
[2020.08.29-03.35.01:101][  0]LogConfig: Setting CVar [[r.DOF.Scatter.BackgroundCompositing:2    ; additive background scattering]]
[2020.08.29-03.35.01:101][  0]LogConfig: Setting CVar [[r.DOF.Scatter.EnableBokehSettings:1      ; bokeh simulation when scattering]]
[2020.08.29-03.35.01:101][  0]LogConfig: Setting CVar [[r.DOF.Scatter.MaxSpriteRatio:0.1         ; only a maximum of 10% of scattered bokeh]]
[2020.08.29-03.35.01:101][  0]LogConfig: Setting CVar [[r.DOF.Recombine.Quality:1                ; cheap slight out of focus]]
[2020.08.29-03.35.01:101][  0]LogConfig: Setting CVar [[r.DOF.Recombine.EnableBokehSettings:0    ; no bokeh simulation on slight out of focus]]
[2020.08.29-03.35.01:101][  0]LogConfig: Setting CVar [[r.DOF.TemporalAAQuality:1                ; more stable temporal accumulation]]
[2020.08.29-03.35.01:101][  0]LogConfig: Setting CVar [[r.DOF.Kernel.MaxForegroundRadius:0.025]]
[2020.08.29-03.35.01:101][  0]LogConfig: Setting CVar [[r.DOF.Kernel.MaxBackgroundRadius:0.025]]
[2020.08.29-03.35.01:101][  0]LogConfig: Applying CVar settings from Section [TextureQuality@3] File [C:/Users/parkm/OneDrive/문서/GitHub/Postrero_UE4/Postrero/Saved/Config/Windows/Scalability.ini]
[2020.08.29-03.35.01:101][  0]LogConfig: Setting CVar [[r.Streaming.MipBias:0]]
[2020.08.29-03.35.01:101][  0]LogConfig: Setting CVar [[r.Streaming.AmortizeCPUToGPUCopy:0]]
[2020.08.29-03.35.01:101][  0]LogConfig: Setting CVar [[r.Streaming.MaxNumTexturesToStreamPerFrame:0]]
[2020.08.29-03.35.01:101][  0]LogConfig: Setting CVar [[r.Streaming.Boost:1]]
[2020.08.29-03.35.01:101][  0]LogConfig: Setting CVar [[r.MaxAnisotropy:8]]
[2020.08.29-03.35.01:101][  0]LogConfig: Setting CVar [[r.VT.MaxAnisotropy:8]]
[2020.08.29-03.35.01:101][  0]LogConfig: Setting CVar [[r.Streaming.LimitPoolSizeToVRAM:0]]
[2020.08.29-03.35.01:101][  0]LogConfig: Setting CVar [[r.Streaming.PoolSize:1000]]
[2020.08.29-03.35.01:101][  0]LogConfig: Setting CVar [[r.Streaming.MaxEffectiveScreenSize:0]]
[2020.08.29-03.35.01:101][  0]LogConfig: Applying CVar settings from Section [EffectsQuality@3] File [C:/Users/parkm/OneDrive/문서/GitHub/Postrero_UE4/Postrero/Saved/Config/Windows/Scalability.ini]
[2020.08.29-03.35.01:101][  0]LogConfig: Setting CVar [[r.TranslucencyLightingVolumeDim:64]]
[2020.08.29-03.35.01:101][  0]LogConfig: Setting CVar [[r.RefractionQuality:2]]
[2020.08.29-03.35.01:101][  0]LogConfig: Setting CVar [[r.SSR.Quality:3]]
[2020.08.29-03.35.01:101][  0]LogConfig: Setting CVar [[r.SSR.HalfResSceneColor:0]]
[2020.08.29-03.35.01:102][  0]LogConfig: Setting CVar [[r.SceneColorFormat:4]]
[2020.08.29-03.35.01:102][  0]LogConfig: Setting CVar [[r.DetailMode:2]]
[2020.08.29-03.35.01:102][  0]LogConfig: Setting CVar [[r.TranslucencyVolumeBlur:1]]
[2020.08.29-03.35.01:102][  0]LogConfig: Setting CVar [[r.MaterialQualityLevel:1 ; High quality]]
[2020.08.29-03.35.01:102][  0]LogConfig: Setting CVar [[r.SSS.Scale:1]]
[2020.08.29-03.35.01:102][  0]LogConfig: Setting CVar [[r.SSS.SampleSet:2]]
[2020.08.29-03.35.01:102][  0]LogConfig: Setting CVar [[r.SSS.Quality:1]]
[2020.08.29-03.35.01:102][  0]LogConfig: Setting CVar [[r.SSS.HalfRes:0]]
[2020.08.29-03.35.01:102][  0]LogConfig: Setting CVar [[r.SSGI.Quality:3]]
[2020.08.29-03.35.01:102][  0]LogConfig: Setting CVar [[r.EmitterSpawnRateScale:1.0]]
[2020.08.29-03.35.01:102][  0]LogConfig: Setting CVar [[r.ParticleLightQuality:2]]
[2020.08.29-03.35.01:102][  0]LogConfig: Setting CVar [[r.SkyAtmosphere.AerialPerspectiveLUT.FastApplyOnOpaque:1 ; Always have FastSkyLUT 1 in this case to avoid wrong sky]]
[2020.08.29-03.35.01:102][  0]LogConfig: Setting CVar [[r.SkyAtmosphere.AerialPerspectiveLUT.SampleCountPerSlice:1]]
[2020.08.29-03.35.01:102][  0]LogConfig: Setting CVar [[r.SkyAtmosphere.AerialPerspectiveLUT.DepthResolution:16.0]]
[2020.08.29-03.35.01:102][  0]LogConfig: Setting CVar [[r.SkyAtmosphere.FastSkyLUT:1]]
[2020.08.29-03.35.01:102][  0]LogConfig: Setting CVar [[r.SkyAtmosphere.FastSkyLUT.SampleCountMin:4.0]]
[2020.08.29-03.35.01:102][  0]LogConfig: Setting CVar [[r.SkyAtmosphere.FastSkyLUT.SampleCountMax:32.0]]
[2020.08.29-03.35.01:102][  0]LogConfig: Setting CVar [[r.SkyAtmosphere.SampleCountMin:4.0]]
[2020.08.29-03.35.01:102][  0]LogConfig: Setting CVar [[r.SkyAtmosphere.SampleCountMax:32.0]]
[2020.08.29-03.35.01:102][  0]LogConfig: Setting CVar [[r.SkyAtmosphere.TransmittanceLUT.UseSmallFormat:0]]
[2020.08.29-03.35.01:102][  0]LogConfig: Setting CVar [[r.SkyAtmosphere.TransmittanceLUT.SampleCount:10.0]]
[2020.08.29-03.35.01:102][  0]LogConfig: Setting CVar [[r.SkyAtmosphere.MultiScatteringLUT.SampleCount:15.0]]
[2020.08.29-03.35.01:102][  0]LogConfig: Applying CVar settings from Section [FoliageQuality@3] File [C:/Users/parkm/OneDrive/문서/GitHub/Postrero_UE4/Postrero/Saved/Config/Windows/Scalability.ini]
[2020.08.29-03.35.01:102][  0]LogConfig: Setting CVar [[foliage.DensityScale:1.0]]
[2020.08.29-03.35.01:102][  0]LogConfig: Setting CVar [[grass.DensityScale:1.0]]
[2020.08.29-03.35.01:102][  0]LogConfig: Applying CVar settings from Section [ShadingQuality@3] File [C:/Users/parkm/OneDrive/문서/GitHub/Postrero_UE4/Postrero/Saved/Config/Windows/Scalability.ini]
[2020.08.29-03.35.01:102][  0]LogConfig: Setting CVar [[r.HairStrands.SkyLighting.SampleCount:16]]
[2020.08.29-03.35.01:102][  0]LogConfig: Setting CVar [[r.HairStrands.SkyLighting.JitterIntegration:0]]
[2020.08.29-03.35.01:102][  0]LogConfig: Setting CVar [[r.HairStrands.SkyAO.SampleCount:16]]
[2020.08.29-03.35.01:102][  0]LogConfig: Setting CVar [[r.HairStrands.DeepShadow.SuperSampling:0]]
[2020.08.29-03.35.01:102][  0]LogConfig: Setting CVar [[r.HairStrands.VisibilityPPLL:0]]
[2020.08.29-03.35.01:102][  0]LogConfig: Setting CVar [[r.HairStrands.RasterizationScale:0.5]]
[2020.08.29-03.35.01:102][  0]LogConfig: Setting CVar [[r.HairStrands.VelocityRasterizationScale:1]]
[2020.08.29-03.35.01:102][  0]LogInit: Selected Device Profile: [Windows]
[2020.08.29-03.35.01:102][  0]LogInit: Applying CVar settings loaded from the selected device profile: [Windows]
[2020.08.29-03.35.01:102][  0]LogHAL: Display: Platform has ~ 16 GB [17015848960 / 17179869184 / 16], which maps to Larger [LargestMinGB=32, LargerMinGB=12, DefaultMinGB=8, SmallerMinGB=6, SmallestMinGB=0)
[2020.08.29-03.35.01:102][  0]LogInit: Going up to parent DeviceProfile []
[2020.08.29-03.35.01:102][  0]LogConfig: Applying CVar settings from Section [ViewDistanceQuality@3] File [C:/Users/parkm/OneDrive/문서/GitHub/Postrero_UE4/Postrero/Saved/Config/Windows/Scalability.ini]
[2020.08.29-03.35.01:102][  0]LogConfig: Setting CVar [[r.SkeletalMeshLODBias:0]]
[2020.08.29-03.35.01:102][  0]LogConfig: Setting CVar [[r.ViewDistanceScale:1.0]]
[2020.08.29-03.35.01:102][  0]LogConfig: Applying CVar settings from Section [AntiAliasingQuality@3] File [C:/Users/parkm/OneDrive/문서/GitHub/Postrero_UE4/Postrero/Saved/Config/Windows/Scalability.ini]
[2020.08.29-03.35.01:102][  0]LogConfig: Setting CVar [[r.PostProcessAAQuality:4]]
[2020.08.29-03.35.01:102][  0]LogConfig: Applying CVar settings from Section [ShadowQuality@3] File [C:/Users/parkm/OneDrive/문서/GitHub/Postrero_UE4/Postrero/Saved/Config/Windows/Scalability.ini]
[2020.08.29-03.35.01:102][  0]LogConfig: Setting CVar [[r.LightFunctionQuality:1]]
[2020.08.29-03.35.01:102][  0]LogConfig: Setting CVar [[r.ShadowQuality:5]]
[2020.08.29-03.35.01:102][  0]LogConfig: Setting CVar [[r.Shadow.CSM.MaxCascades:10]]
[2020.08.29-03.35.01:102][  0]LogConfig: Setting CVar [[r.Shadow.MaxResolution:2048]]
[2020.08.29-03.35.01:102][  0]LogConfig: Setting CVar [[r.Shadow.MaxCSMResolution:2048]]
[2020.08.29-03.35.01:102][  0]LogConfig: Setting CVar [[r.Shadow.RadiusThreshold:0.01]]
[2020.08.29-03.35.01:102][  0]LogConfig: Setting CVar [[r.Shadow.DistanceScale:1.0]]
[2020.08.29-03.35.01:102][  0]LogConfig: Setting CVar [[r.Shadow.CSM.TransitionScale:1.0]]
[2020.08.29-03.35.01:102][  0]LogConfig: Setting CVar [[r.Shadow.PreShadowResolutionFactor:1.0]]
[2020.08.29-03.35.01:102][  0]LogConfig: Setting CVar [[r.DistanceFieldShadowing:1]]
[2020.08.29-03.35.01:102][  0]LogConfig: Setting CVar [[r.DistanceFieldAO:1]]
[2020.08.29-03.35.01:102][  0]LogConfig: Setting CVar [[r.AOQuality:2]]
[2020.08.29-03.35.01:102][  0]LogConfig: Setting CVar [[r.VolumetricFog:1]]
[2020.08.29-03.35.01:102][  0]LogConfig: Setting CVar [[r.VolumetricFog.GridPixelSize:8]]
[2020.08.29-03.35.01:102][  0]LogConfig: Setting CVar [[r.VolumetricFog.GridSizeZ:128]]
[2020.08.29-03.35.01:102][  0]LogConfig: Setting CVar [[r.VolumetricFog.HistoryMissSupersampleCount:4]]
[2020.08.29-03.35.01:102][  0]LogConfig: Setting CVar [[r.LightMaxDrawDistanceScale:1]]
[2020.08.29-03.35.01:102][  0]LogConfig: Setting CVar [[r.CapsuleShadows:1]]
[2020.08.29-03.35.01:102][  0]LogConfig: Applying CVar settings from Section [PostProcessQuality@3] File [C:/Users/parkm/OneDrive/문서/GitHub/Postrero_UE4/Postrero/Saved/Config/Windows/Scalability.ini]
[2020.08.29-03.35.01:102][  0]LogConfig: Setting CVar [[r.MotionBlurQuality:4]]
[2020.08.29-03.35.01:102][  0]LogConfig: Setting CVar [[r.AmbientOcclusionMipLevelFactor:0.4]]
[2020.08.29-03.35.01:102][  0]LogConfig: Setting CVar [[r.AmbientOcclusionMaxQuality:100]]
[2020.08.29-03.35.01:102][  0]LogConfig: Setting CVar [[r.AmbientOcclusionLevels:-1]]
[2020.08.29-03.35.01:102][  0]LogConfig: Setting CVar [[r.AmbientOcclusionRadiusScale:1.0]]
[2020.08.29-03.35.01:102][  0]LogConfig: Setting CVar [[r.DepthOfFieldQuality:2]]
[2020.08.29-03.35.01:102][  0]LogConfig: Setting CVar [[r.RenderTargetPoolMin:400]]
[2020.08.29-03.35.01:102][  0]LogConfig: Setting CVar [[r.LensFlareQuality:2]]
[2020.08.29-03.35.01:102][  0]LogConfig: Setting CVar [[r.SceneColorFringeQuality:1]]
[2020.08.29-03.35.01:102][  0]LogConfig: Setting CVar [[r.EyeAdaptationQuality:2]]
[2020.08.29-03.35.01:102][  0]LogConfig: Setting CVar [[r.BloomQuality:5]]
[2020.08.29-03.35.01:102][  0]LogConfig: Setting CVar [[r.FastBlurThreshold:100]]
[2020.08.29-03.35.01:103][  0]LogConfig: Setting CVar [[r.Upscale.Quality:3]]
[2020.08.29-03.35.01:103][  0]LogConfig: Setting CVar [[r.Tonemapper.GrainQuantization:1]]
[2020.08.29-03.35.01:103][  0]LogConfig: Setting CVar [[r.LightShaftQuality:1]]
[2020.08.29-03.35.01:103][  0]LogConfig: Setting CVar [[r.Filter.SizeScale:1]]
[2020.08.29-03.35.01:103][  0]LogConfig: Setting CVar [[r.Tonemapper.Quality:5]]
[2020.08.29-03.35.01:103][  0]LogConfig: Setting CVar [[r.DOF.Gather.AccumulatorQuality:1        ; higher gathering accumulator quality]]
[2020.08.29-03.35.01:103][  0]LogConfig: Setting CVar [[r.DOF.Gather.PostfilterMethod:1          ; Median3x3 postfilering method]]
[2020.08.29-03.35.01:103][  0]LogConfig: Setting CVar [[r.DOF.Gather.EnableBokehSettings:0       ; no bokeh simulation when gathering]]
[2020.08.29-03.35.01:103][  0]LogConfig: Setting CVar [[r.DOF.Gather.RingCount:4                 ; medium number of samples when gathering]]
[2020.08.29-03.35.01:103][  0]LogConfig: Setting CVar [[r.DOF.Scatter.ForegroundCompositing:1    ; additive foreground scattering]]
[2020.08.29-03.35.01:103][  0]LogConfig: Setting CVar [[r.DOF.Scatter.BackgroundCompositing:2    ; additive background scattering]]
[2020.08.29-03.35.01:103][  0]LogConfig: Setting CVar [[r.DOF.Scatter.EnableBokehSettings:1      ; bokeh simulation when scattering]]
[2020.08.29-03.35.01:103][  0]LogConfig: Setting CVar [[r.DOF.Scatter.MaxSpriteRatio:0.1         ; only a maximum of 10% of scattered bokeh]]
[2020.08.29-03.35.01:103][  0]LogConfig: Setting CVar [[r.DOF.Recombine.Quality:1                ; cheap slight out of focus]]
[2020.08.29-03.35.01:103][  0]LogConfig: Setting CVar [[r.DOF.Recombine.EnableBokehSettings:0    ; no bokeh simulation on slight out of focus]]
[2020.08.29-03.35.01:103][  0]LogConfig: Setting CVar [[r.DOF.TemporalAAQuality:1                ; more stable temporal accumulation]]
[2020.08.29-03.35.01:103][  0]LogConfig: Setting CVar [[r.DOF.Kernel.MaxForegroundRadius:0.025]]
[2020.08.29-03.35.01:103][  0]LogConfig: Setting CVar [[r.DOF.Kernel.MaxBackgroundRadius:0.025]]
[2020.08.29-03.35.01:103][  0]LogConfig: Applying CVar settings from Section [TextureQuality@3] File [C:/Users/parkm/OneDrive/문서/GitHub/Postrero_UE4/Postrero/Saved/Config/Windows/Scalability.ini]
[2020.08.29-03.35.01:103][  0]LogConfig: Setting CVar [[r.Streaming.MipBias:0]]
[2020.08.29-03.35.01:103][  0]LogConfig: Setting CVar [[r.Streaming.AmortizeCPUToGPUCopy:0]]
[2020.08.29-03.35.01:103][  0]LogConfig: Setting CVar [[r.Streaming.MaxNumTexturesToStreamPerFrame:0]]
[2020.08.29-03.35.01:103][  0]LogConfig: Setting CVar [[r.Streaming.Boost:1]]
[2020.08.29-03.35.01:103][  0]LogConfig: Setting CVar [[r.MaxAnisotropy:8]]
[2020.08.29-03.35.01:103][  0]LogConfig: Setting CVar [[r.VT.MaxAnisotropy:8]]
[2020.08.29-03.35.01:103][  0]LogConfig: Setting CVar [[r.Streaming.LimitPoolSizeToVRAM:0]]
[2020.08.29-03.35.01:103][  0]LogConfig: Setting CVar [[r.Streaming.PoolSize:1000]]
[2020.08.29-03.35.01:103][  0]LogConfig: Setting CVar [[r.Streaming.MaxEffectiveScreenSize:0]]
[2020.08.29-03.35.01:103][  0]LogConfig: Applying CVar settings from Section [EffectsQuality@3] File [C:/Users/parkm/OneDrive/문서/GitHub/Postrero_UE4/Postrero/Saved/Config/Windows/Scalability.ini]
[2020.08.29-03.35.01:103][  0]LogConfig: Setting CVar [[r.TranslucencyLightingVolumeDim:64]]
[2020.08.29-03.35.01:103][  0]LogConfig: Setting CVar [[r.RefractionQuality:2]]
[2020.08.29-03.35.01:103][  0]LogConfig: Setting CVar [[r.SSR.Quality:3]]
[2020.08.29-03.35.01:103][  0]LogConfig: Setting CVar [[r.SSR.HalfResSceneColor:0]]
[2020.08.29-03.35.01:103][  0]LogConfig: Setting CVar [[r.SceneColorFormat:4]]
[2020.08.29-03.35.01:103][  0]LogConfig: Setting CVar [[r.DetailMode:2]]
[2020.08.29-03.35.01:103][  0]LogConfig: Setting CVar [[r.TranslucencyVolumeBlur:1]]
[2020.08.29-03.35.01:104][  0]LogConfig: Setting CVar [[r.MaterialQualityLevel:1 ; High quality]]
[2020.08.29-03.35.01:104][  0]LogConfig: Setting CVar [[r.SSS.Scale:1]]
[2020.08.29-03.35.01:104][  0]LogConfig: Setting CVar [[r.SSS.SampleSet:2]]
[2020.08.29-03.35.01:104][  0]LogConfig: Setting CVar [[r.SSS.Quality:1]]
[2020.08.29-03.35.01:104][  0]LogConfig: Setting CVar [[r.SSS.HalfRes:0]]
[2020.08.29-03.35.01:104][  0]LogConfig: Setting CVar [[r.SSGI.Quality:3]]
[2020.08.29-03.35.01:104][  0]LogConfig: Setting CVar [[r.EmitterSpawnRateScale:1.0]]
[2020.08.29-03.35.01:104][  0]LogConfig: Setting CVar [[r.ParticleLightQuality:2]]
[2020.08.29-03.35.01:104][  0]LogConfig: Setting CVar [[r.SkyAtmosphere.AerialPerspectiveLUT.FastApplyOnOpaque:1 ; Always have FastSkyLUT 1 in this case to avoid wrong sky]]
[2020.08.29-03.35.01:104][  0]LogConfig: Setting CVar [[r.SkyAtmosphere.AerialPerspectiveLUT.SampleCountPerSlice:1]]
[2020.08.29-03.35.01:104][  0]LogConfig: Setting CVar [[r.SkyAtmosphere.AerialPerspectiveLUT.DepthResolution:16.0]]
[2020.08.29-03.35.01:104][  0]LogConfig: Setting CVar [[r.SkyAtmosphere.FastSkyLUT:1]]
[2020.08.29-03.35.01:104][  0]LogConfig: Setting CVar [[r.SkyAtmosphere.FastSkyLUT.SampleCountMin:4.0]]
[2020.08.29-03.35.01:104][  0]LogConfig: Setting CVar [[r.SkyAtmosphere.FastSkyLUT.SampleCountMax:32.0]]
[2020.08.29-03.35.01:104][  0]LogConfig: Setting CVar [[r.SkyAtmosphere.SampleCountMin:4.0]]
[2020.08.29-03.35.01:104][  0]LogConfig: Setting CVar [[r.SkyAtmosphere.SampleCountMax:32.0]]
[2020.08.29-03.35.01:104][  0]LogConfig: Setting CVar [[r.SkyAtmosphere.TransmittanceLUT.UseSmallFormat:0]]
[2020.08.29-03.35.01:104][  0]LogConfig: Setting CVar [[r.SkyAtmosphere.TransmittanceLUT.SampleCount:10.0]]
[2020.08.29-03.35.01:104][  0]LogConfig: Setting CVar [[r.SkyAtmosphere.MultiScatteringLUT.SampleCount:15.0]]
[2020.08.29-03.35.01:104][  0]LogConfig: Applying CVar settings from Section [FoliageQuality@3] File [C:/Users/parkm/OneDrive/문서/GitHub/Postrero_UE4/Postrero/Saved/Config/Windows/Scalability.ini]
[2020.08.29-03.35.01:104][  0]LogConfig: Setting CVar [[foliage.DensityScale:1.0]]
[2020.08.29-03.35.01:104][  0]LogConfig: Setting CVar [[grass.DensityScale:1.0]]
[2020.08.29-03.35.01:104][  0]LogConfig: Applying CVar settings from Section [ShadingQuality@3] File [C:/Users/parkm/OneDrive/문서/GitHub/Postrero_UE4/Postrero/Saved/Config/Windows/Scalability.ini]
[2020.08.29-03.35.01:104][  0]LogConfig: Setting CVar [[r.HairStrands.SkyLighting.SampleCount:16]]
[2020.08.29-03.35.01:104][  0]LogConfig: Setting CVar [[r.HairStrands.SkyLighting.JitterIntegration:0]]
[2020.08.29-03.35.01:104][  0]LogConfig: Setting CVar [[r.HairStrands.SkyAO.SampleCount:16]]
[2020.08.29-03.35.01:104][  0]LogConfig: Setting CVar [[r.HairStrands.DeepShadow.SuperSampling:0]]
[2020.08.29-03.35.01:104][  0]LogConfig: Setting CVar [[r.HairStrands.VisibilityPPLL:0]]
[2020.08.29-03.35.01:104][  0]LogConfig: Setting CVar [[r.HairStrands.RasterizationScale:0.5]]
[2020.08.29-03.35.01:104][  0]LogConfig: Setting CVar [[r.HairStrands.VelocityRasterizationScale:1]]
[2020.08.29-03.35.01:105][  0]LogConfig: Applying CVar settings from Section [Startup] File [../../../Engine/Config/ConsoleVariables.ini]
[2020.08.29-03.35.01:106][  0]LogConfig: Setting CVar [[net.UseAdaptiveNetUpdateFrequency:0]]
[2020.08.29-03.35.01:106][  0]LogConfig: Setting CVar [[p.chaos.AllowCreatePhysxBodies:1]]
[2020.08.29-03.35.01:106][  0]LogConfig: Setting CVar [[fx.SkipVectorVMBackendOptimizations:1]]
[2020.08.29-03.35.01:106][  0]LogConfig: Applying CVar settings from Section [ConsoleVariables] File [C:/Users/parkm/OneDrive/문서/GitHub/Postrero_UE4/Postrero/Saved/Config/Windows/Engine.ini]
[2020.08.29-03.35.01:106][  0]LogInit: Computer: DESKTOP-DKVRFL2
[2020.08.29-03.35.01:106][  0]LogInit: User: parkm
[2020.08.29-03.35.01:106][  0]LogInit: CPU Page size=4096, Cores=6
[2020.08.29-03.35.01:106][  0]LogInit: High frequency timer resolution =10.000000 MHz
[2020.08.29-03.35.01:106][  0]LogMemory: Memory total: Physical=15.8GB (16GB approx)
[2020.08.29-03.35.01:107][  0]LogMemory: Platform Memory Stats for Windows
[2020.08.29-03.35.01:107][  0]LogMemory: Process Physical Memory: 115.87 MB used, 115.87 MB peak
[2020.08.29-03.35.01:107][  0]LogMemory: Process Virtual Memory: 96.87 MB used, 96.87 MB peak
[2020.08.29-03.35.01:107][  0]LogMemory: Physical Memory: 6332.01 MB used,  9895.57 MB free, 16227.58 MB total
[2020.08.29-03.35.01:107][  0]LogMemory: Virtual Memory: 5166.82 MB used,  134212560.00 MB free, 134217728.00 MB total
[2020.08.29-03.35.01:116][  0]LogWindows: WindowsPlatformFeatures enabled
[2020.08.29-03.35.01:174][  0]LogInit: Physics initialised using underlying interface: PhysX
[2020.08.29-03.35.01:175][  0]LogInit: Using OS detected language (ko-KR).
[2020.08.29-03.35.01:175][  0]LogInit: Using OS detected locale (ko-KR).
[2020.08.29-03.35.01:184][  0]LogTextLocalizationManager: No specific localization for 'ko-KR' exists, so the 'ko' localization will be used.
[2020.08.29-03.35.01:336][  0]LogSlate: New Slate User Created.  User Index 0, Is Virtual User: 0
[2020.08.29-03.35.01:336][  0]LogSlate: Slate User Registered.  User Index 0, Is Virtual User: 0
[2020.08.29-03.35.01:604][  0]LogHMD: Failed to initialize OpenVR with code 110
[2020.08.29-03.35.01:604][  0]LogD3D11RHI: D3D11 min allowed feature level: 11_0
[2020.08.29-03.35.01:604][  0]LogD3D11RHI: D3D11 max allowed feature level: 11_0
[2020.08.29-03.35.01:604][  0]LogD3D11RHI: D3D11 adapters:
[2020.08.29-03.35.01:695][  0]LogD3D11RHI:    0. 'NVIDIA GeForce GTX 1060' (Feature Level 11_0)
[2020.08.29-03.35.01:695][  0]LogD3D11RHI:       6052/0/8113 MB DedicatedVideo/DedicatedSystem/SharedSystem, Outputs:1, VendorId:0x10de
[2020.08.29-03.35.01:735][  0]LogD3D11RHI:    1. 'Intel(R) UHD Graphics 630' (Feature Level 11_0)
[2020.08.29-03.35.01:735][  0]LogD3D11RHI:       128/0/8113 MB DedicatedVideo/DedicatedSystem/SharedSystem, Outputs:0, VendorId:0x8086
[2020.08.29-03.35.01:737][  0]LogD3D11RHI:    2. 'Microsoft Basic Render Driver' (Feature Level 11_0)
[2020.08.29-03.35.01:738][  0]LogD3D11RHI:       0/0/8113 MB DedicatedVideo/DedicatedSystem/SharedSystem, Outputs:0, VendorId:0x1414
[2020.08.29-03.35.01:738][  0]LogD3D11RHI: Chosen D3D11 Adapter: 0
[2020.08.29-03.35.01:745][  0]LogD3D11RHI: Creating new Direct3DDevice
[2020.08.29-03.35.01:745][  0]LogD3D11RHI:     GPU DeviceId: 0x1c20 (for the marketing name, search the web for "GPU Device Id")
[2020.08.29-03.35.01:745][  0]LogWindows: EnumDisplayDevices:
[2020.08.29-03.35.01:746][  0]LogWindows:    0. 'Intel(R) UHD Graphics 630' (P:0 D:0)
[2020.08.29-03.35.01:747][  0]LogWindows:    1. 'Intel(R) UHD Graphics 630' (P:0 D:0)
[2020.08.29-03.35.01:748][  0]LogWindows:    2. 'Intel(R) UHD Graphics 630' (P:0 D:0)
[2020.08.29-03.35.01:749][  0]LogWindows:    3. 'NVIDIA GeForce GTX 1060' (P:1 D:1)
[2020.08.29-03.35.01:750][  0]LogWindows:    4. 'NVIDIA GeForce GTX 1060' (P:0 D:0)
[2020.08.29-03.35.01:750][  0]LogWindows:    5. 'NVIDIA GeForce GTX 1060' (P:0 D:0)
[2020.08.29-03.35.01:751][  0]LogWindows:    6. 'NVIDIA GeForce GTX 1060' (P:0 D:0)
[2020.08.29-03.35.01:752][  0]LogWindows: DebugString: PrimaryIsNotTheChoosenAdapter PrimaryIsNotTheChoosenAdapter PrimaryIsNotTheChoosenAdapter FoundDriverCount:4 
[2020.08.29-03.35.01:752][  0]LogD3D11RHI:     Adapter Name: NVIDIA GeForce GTX 1060
[2020.08.29-03.35.01:752][  0]LogD3D11RHI:   Driver Version: 445.75 (internal:26.21.14.4575, unified:445.75)
[2020.08.29-03.35.01:752][  0]LogD3D11RHI:      Driver Date: 3-17-2020
[2020.08.29-03.35.01:752][  0]LogRHI: Texture pool is 4236 MB (70% of 6052 MB)
[2020.08.29-03.35.01:815][  0]LogD3D11RHI: RHI has support for 64 bit atomics
[2020.08.29-03.35.01:819][  0]LogD3D11RHI: [Aftermath] Enabled and primed
[2020.08.29-03.35.01:819][  0]LogD3D11RHI: Async texture creation enabled
[2020.08.29-03.35.01:819][  0]LogD3D11RHI: Array index from any shader is supported
[2020.08.29-03.35.01:848][  0]LogD3D11RHI: GPU Timing Frequency: 1000.000000 (Debug: 2 2)
[2020.08.29-03.35.02:256][  0]LogTargetPlatformManager: Display: Loaded TargetPlatform 'AllDesktop'
[2020.08.29-03.35.02:285][  0]LogTargetPlatformManager: Display: Loaded TargetPlatform 'Android'
[2020.08.29-03.35.02:285][  0]LogTargetPlatformManager: Display: Loaded TargetPlatform 'Android_ASTC'
[2020.08.29-03.35.02:285][  0]LogTargetPlatformManager: Display: Loaded TargetPlatform 'Android_DXT'
[2020.08.29-03.35.02:285][  0]LogTargetPlatformManager: Display: Loaded TargetPlatform 'Android_ETC2'
[2020.08.29-03.35.02:285][  0]LogTargetPlatformManager: Display: Loaded TargetPlatform 'AndroidClient'
[2020.08.29-03.35.02:285][  0]LogTargetPlatformManager: Display: Loaded TargetPlatform 'Android_ASTCClient'
[2020.08.29-03.35.02:285][  0]LogTargetPlatformManager: Display: Loaded TargetPlatform 'Android_DXTClient'
[2020.08.29-03.35.02:285][  0]LogTargetPlatformManager: Display: Loaded TargetPlatform 'Android_ETC2Client'
[2020.08.29-03.35.02:285][  0]LogTargetPlatformManager: Display: Loaded TargetPlatform 'Android_Multi'
[2020.08.29-03.35.02:285][  0]LogTargetPlatformManager: Display: Loaded TargetPlatform 'Android_MultiClient'
[2020.08.29-03.35.02:316][  0]LogTargetPlatformManager: Display: Loaded TargetPlatform 'IOSClient'
[2020.08.29-03.35.02:317][  0]LogTargetPlatformManager: Display: Loaded TargetPlatform 'IOS'
[2020.08.29-03.35.02:332][  0]LogTargetPlatformManager: Display: Loaded TargetPlatform 'Linux'
[2020.08.29-03.35.02:345][  0]LogTargetPlatformManager: Display: Loaded TargetPlatform 'LinuxNoEditor'
[2020.08.29-03.35.02:359][  0]LogTargetPlatformManager: Display: Loaded TargetPlatform 'LinuxClient'
[2020.08.29-03.35.02:371][  0]LogTargetPlatformManager: Display: Loaded TargetPlatform 'LinuxServer'
[2020.08.29-03.35.02:384][  0]LogTargetPlatformManager: Display: Loaded TargetPlatform 'LinuxAArch64NoEditor'
[2020.08.29-03.35.02:396][  0]LogTargetPlatformManager: Display: Loaded TargetPlatform 'LinuxAArch64Client'
[2020.08.29-03.35.02:410][  0]LogTargetPlatformManager: Display: Loaded TargetPlatform 'LinuxAArch64Server'
[2020.08.29-03.35.02:447][  0]LogTargetPlatformManager: Display: Loaded TargetPlatform 'Lumin'
[2020.08.29-03.35.02:447][  0]LogTargetPlatformManager: Display: Loaded TargetPlatform 'LuminClient'
[2020.08.29-03.35.02:469][  0]LogTargetPlatformManager: Display: Loaded TargetPlatform 'TVOSClient'
[2020.08.29-03.35.02:469][  0]LogTargetPlatformManager: Display: Loaded TargetPlatform 'TVOS'
[2020.08.29-03.35.02:481][  0]LogTargetPlatformManager: Display: Loaded TargetPlatform 'WindowsNoEditor'
[2020.08.29-03.35.02:495][  0]LogTargetPlatformManager: Display: Loaded TargetPlatform 'Windows'
[2020.08.29-03.35.02:508][  0]LogTargetPlatformManager: Display: Loaded TargetPlatform 'WindowsClient'
[2020.08.29-03.35.02:520][  0]LogTargetPlatformManager: Display: Loaded TargetPlatform 'WindowsServer'
[2020.08.29-03.35.02:521][  0]LogTargetPlatformManager: Display: Building Assets For Windows
[2020.08.29-03.35.02:533][  0]LogAudioDebug: Display: Lib vorbis DLL was dynamically loaded.
[2020.08.29-03.35.02:663][  0]LogShaderCompilers: Guid format shader working directory is -24 characters bigger than the processId version (../../../../../../Users/parkm/OneDrive/문서/GitHub/Postrero_UE4/Postrero/Intermediate/Shaders/WorkingDirectory/3112/).
[2020.08.29-03.35.02:663][  0]LogShaderCompilers: Cleaned the shader compiler working directory 'C:/Users/parkm/AppData/Local/Temp/UnrealShaderWorkingDir/27A80E284011BA03EDCF2AA522A0A95A/'.
[2020.08.29-03.35.02:664][  0]LogXGEController: Cannot use XGE Controller as Incredibuild is not installed on this machine.
[2020.08.29-03.35.02:664][  0]LogShaderCompilers: Cannot use XGE Shader Compiler as Incredibuild is not installed on this machine.
[2020.08.29-03.35.02:664][  0]LogShaderCompilers: Display: Using Local Shader Compiler.
[2020.08.29-03.35.03:427][  0]LogDerivedDataCache: Display: Max Cache Size: 512 MB
[2020.08.29-03.35.03:478][  0]LogDerivedDataCache: Loaded boot cache 0.05s 76MB C:/Users/parkm/AppData/Local/UnrealEngine/4.25/DerivedDataCache/Boot.ddc.
[2020.08.29-03.35.03:478][  0]LogDerivedDataCache: Display: Loaded Boot cache: C:/Users/parkm/AppData/Local/UnrealEngine/4.25/DerivedDataCache/Boot.ddc
[2020.08.29-03.35.03:478][  0]LogDerivedDataCache: FDerivedDataBackendGraph:  Pak pak cache file ../../../../../../Users/parkm/OneDrive/문서/GitHub/Postrero_UE4/Postrero/DerivedDataCache/DDC.ddp not found, will not use a pak cache.
[2020.08.29-03.35.03:478][  0]LogDerivedDataCache: Unable to find inner node Pak for hierarchical cache Hierarchy.
[2020.08.29-03.35.03:478][  0]LogDerivedDataCache: FDerivedDataBackendGraph:  CompressedPak pak cache file ../../../../../../Users/parkm/OneDrive/문서/GitHub/Postrero_UE4/Postrero/DerivedDataCache/Compressed.ddp not found, will not use a pak cache.
[2020.08.29-03.35.03:478][  0]LogDerivedDataCache: Unable to find inner node CompressedPak for hierarchical cache Hierarchy.
[2020.08.29-03.35.03:488][  0]LogDerivedDataCache: Display: Pak cache opened for reading ../../../Engine/DerivedDataCache/Compressed.ddp.
[2020.08.29-03.35.03:488][  0]LogDerivedDataCache: FDerivedDataBackendGraph:  EnterprisePak pak cache file ../../../Enterprise/DerivedDataCache/Compressed.ddp not found, will not use a pak cache.
[2020.08.29-03.35.03:488][  0]LogDerivedDataCache: Unable to find inner node EnterprisePak for hierarchical cache Hierarchy.
[2020.08.29-03.35.03:489][  0]LogDerivedDataCache: Using Local data cache path C:/Users/parkm/AppData/Local/UnrealEngine/Common/DerivedDataCache: Writable
[2020.08.29-03.35.03:489][  0]LogDerivedDataCache: Shared data cache path not found in *engine.ini, will not use an Shared cache.
[2020.08.29-03.35.03:489][  0]LogDerivedDataCache: Unable to find inner node Shared for hierarchical cache Hierarchy.
[2020.08.29-03.35.03:535][  0]LogSlate: Using FreeType 2.10.0
[2020.08.29-03.35.03:536][  0]LogSlate: SlateFontServices - WITH_FREETYPE: 1, WITH_HARFBUZZ: 1
[2020.08.29-03.35.03:569][  0]LogAssetRegistry: FAssetRegistry took 0.0026 seconds to start up
[2020.08.29-03.35.03:816][  0]LogInit: Selected Device Profile: [Windows]
[2020.08.29-03.35.03:951][  0]LogMeshReduction: Using QuadricMeshReduction for automatic static mesh reduction
[2020.08.29-03.35.03:951][  0]LogMeshReduction: Using SimplygonMeshReduction for automatic skeletal mesh reduction
[2020.08.29-03.35.03:951][  0]LogMeshReduction: Using ProxyLODMeshReduction for automatic mesh merging
[2020.08.29-03.35.03:951][  0]LogMeshReduction: No distributed automatic mesh merging module available
[2020.08.29-03.35.03:951][  0]LogMeshMerging: No distributed automatic mesh merging module available
[2020.08.29-03.35.03:974][  0]LogNetVersion: Postrero 1.0.0, NetCL: 13144385, EngineNetVer: 14, GameNetVer: 0 (Checksum: 3587554464)
[2020.08.29-03.35.04:467][  0]LogAISub: UAISubsystem::UAISubsystem AISubsystem (000001D95D290340), frame # 0
[2020.08.29-03.35.04:467][  0]LogAISub: UAISubsystem::UAISubsystem AIPerceptionSystem (000001D95D1CE840), frame # 0
[2020.08.29-03.35.04:469][  0]LogAISub: UAISubsystem::UAISubsystem EnvQueryManager (000001D95D248A00), frame # 0
[2020.08.29-03.35.04:730][  0]LogPackageLocalizationCache: Processed 20 localized package path(s) for 1 prioritized culture(s) in 0.256694 seconds
[2020.08.29-03.35.04:736][  0]LogUObjectArray: 15917 objects as part of root set at end of initial load.
[2020.08.29-03.35.04:736][  0]LogUObjectAllocator: 3965568 out of 0 bytes used by permanent object pool.
[2020.08.29-03.35.04:736][  0]LogUObjectArray: CloseDisregardForGC: 0/0 objects in disregard for GC pool
[2020.08.29-03.35.05:275][  0]LogSubstanceCoreModule: Substance [CPU] Engine Loaded, Max Texture Size = 2048
[2020.08.29-03.35.05:291][  0]LogTcpMessaging: Initializing TcpMessaging bridge
[2020.08.29-03.35.05:297][  0]LogUdpMessaging: Initializing bridge on interface 0.0.0.0:0 to multicast group 230.0.0.1:6666.
[2020.08.29-03.35.05:446][  0]SourceControl: 소스 컨트롤이 꺼졌습니다.
[2020.08.29-03.35.06:428][  0]LogAndroidPermission: UAndroidPermissionCallbackProxy::GetInstance
[2020.08.29-03.35.06:458][  0]LogAudioCaptureCore: Display: No Audio Capture implementations found. Audio input will be silent.
[2020.08.29-03.35.06:458][  0]LogAudioCaptureCore: Display: No Audio Capture implementations found. Audio input will be silent.
[2020.08.29-03.35.06:529][  0]LogOcInput: OculusInput pre-init called
[2020.08.29-03.35.06:552][  0]LogWindows: Failed to load 'OVRPlugin.dll' (GetLastError=126)
[2020.08.29-03.35.06:552][  0]LogWindows: File 'OVRPlugin.dll' does not exist
[2020.08.29-03.35.06:729][  0]LogEngine: Initializing Engine...
[2020.08.29-03.35.06:731][  0]LogHMD: Failed to initialize OpenVR with code 110
[2020.08.29-03.35.06:731][  0]LogMagicLeap: Warning: VR disabled because ZI is not enabled.  To enable, in the editor, Edit -> Project Settings -> Plugins -> Magic Leap Plugin -> Enable Zero Iteration
[2020.08.29-03.35.06:732][  0]LogStats: UGameplayTagsManager::InitializeManager -  0.000 s
[2020.08.29-03.35.06:860][  0]LogInit: Initializing FReadOnlyCVARCache
[2020.08.29-03.35.06:870][  0]LogAIModule: Creating AISystem for world Untitled
[2020.08.29-03.35.06:870][  0]LogAISub: UAISubsystem::UAISubsystem EnvQueryManager (000001D964FF3C00), frame # 0
[2020.08.29-03.35.06:870][  0]LogAISub: UAISubsystem::UAISubsystem AIPerceptionSystem (000001D96508DBC0), frame # 0
[2020.08.29-03.35.06:888][  0]LogAudioMixer: Display: Audio Mixer Platform Settings:
[2020.08.29-03.35.06:888][  0]LogAudioMixer: Display: 	Sample Rate:						  48000
[2020.08.29-03.35.06:888][  0]LogAudioMixer: Display: 	Callback Buffer Frame Size Requested: 1024
[2020.08.29-03.35.06:888][  0]LogAudioMixer: Display: 	Callback Buffer Frame Size To Use:	  1024
[2020.08.29-03.35.06:888][  0]LogAudioMixer: Display: 	Number of buffers to queue:			  2
[2020.08.29-03.35.06:888][  0]LogAudioMixer: Display: 	Max Channels (voices):				  32
[2020.08.29-03.35.06:888][  0]LogAudioMixer: Display: 	Number of Async Source Workers:		  0
[2020.08.29-03.35.06:888][  0]LogAudio: Display: AudioDevice MaxSources: 32
[2020.08.29-03.35.06:889][  0]LogAudio: Display: Using built-in audio occlusion.
[2020.08.29-03.35.06:889][  0]LogAudioMixer: Display: Initializing audio mixer.
[2020.08.29-03.35.06:928][  0]LogAudioMixer: Display: 0: FrontLeft
[2020.08.29-03.35.06:928][  0]LogAudioMixer: Display: 1: FrontRight
[2020.08.29-03.35.06:928][  0]LogAudioMixer: Display: 2: FrontCenter
[2020.08.29-03.35.06:928][  0]LogAudioMixer: Display: 3: LowFrequency
[2020.08.29-03.35.06:928][  0]LogAudioMixer: Display: 4: BackLeft
[2020.08.29-03.35.06:928][  0]LogAudioMixer: Display: 5: BackRight
[2020.08.29-03.35.06:928][  0]LogAudioMixer: Display: 6: SideLeft
[2020.08.29-03.35.06:928][  0]LogAudioMixer: Display: 7: SideRight
[2020.08.29-03.35.07:016][  0]LogAudioMixer: Display: Using Audio Device 스피커(Logitech G432 Gaming Headset)
[2020.08.29-03.35.07:020][  0]LogAudioMixer: Display: Initializing Sound Submixes...
[2020.08.29-03.35.07:024][  0]LogAudioMixer: Display: Creating Master Submix 'MasterSubmixDefault'
[2020.08.29-03.35.07:024][  0]LogAudioMixer: Display: Creating Master Submix 'MasterReverbSubmixDefault'
[2020.08.29-03.35.07:025][  0]LogAudioMixer: Display: Creating Master Submix 'MasterEQSubmixDefault'
[2020.08.29-03.35.07:025][  0]LogInit: FAudioDevice initialized.
[2020.08.29-03.35.07:026][  0]LogNetVersion: Set ProjectVersion to 1.0.0.0. Version Checksum will be recalculated on next use.
[2020.08.29-03.35.07:104][  0]LogDerivedDataCache: Saved boot cache 0.08s 76MB C:/Users/parkm/AppData/Local/UnrealEngine/4.25/DerivedDataCache/Boot.ddc.
[2020.08.29-03.35.07:106][  0]LogInit: Texture streaming: Enabled
[2020.08.29-03.35.07:135][  0]LogEngineSessionManager: EngineSessionManager initialized
[2020.08.29-03.35.07:135][  0]LogEditorSessionSummary: Verbose: Initializing EditorSessionSummaryWriter for editor session tracking
[2020.08.29-03.35.07:139][  0]LogEditorSessionSummary: EditorSessionSummaryWriter initialized
[2020.08.29-03.35.07:188][  0]LogInit: Transaction tracking system initialized
[2020.08.29-03.35.07:220][  0]BlueprintLog: New page: 에디터 로드
[2020.08.29-03.35.07:327][  0]LocalizationService: 현지화 서비스가 비활성화되었습니다.
[2020.08.29-03.35.07:511][  0]LogSlate: Took 0.004856 seconds to synchronously load lazily loaded font '../../../Engine/Content/Editor/Slate/Fonts/NanumGothic.ttf' (4243K)
[2020.08.29-03.35.07:511][  0]LogSlate: Took 0.000234 seconds to synchronously load lazily loaded font '../../../Engine/Content/Slate/Fonts/Roboto-Regular.ttf' (155K)
[2020.08.29-03.35.10:328][  0]LogSlate: Window '드라이브 공간 부족 경고' being destroyed
[2020.08.29-03.35.10:330][  0]LogWindowsTextInputMethodSystem: Display: IME system now activated using TSF (Microsoft 입력기).
[2020.08.29-03.35.10:338][  0]Message dialog closed, result: Ok, title: 드라이브 공간 부족 경고, text: 해당 드라이브의 용량이 부족합니다.
파일 저장 및 로딩 중에 데이터가 유실되거나 크래시가 발생하는 문제를 예방하기 위해서 용량을 확보하시기를 추천드립니다.

  2,951 MB 여유 		 C:/Program Files/Epic Games/UE_4.25/Engine/Binaries/Win64/
 				 기본 엔진 디렉토리 

  2,951 MB 여유 		 C:/Users/parkm/OneDrive/문서/GitHub/Postrero_UE4/Postrero/
 				 프로젝트 디렉토리 

[2020.08.29-03.35.10:467][  0]LogCook: Display: Max memory allowance for cook 16384mb min free memory 0mb
[2020.08.29-03.35.10:467][  0]LogCook: Display: Mobile HDR setting 1
[2020.08.29-03.35.10:705][  0]LogFileCache: Scanning file cache for directory 'C:/Users/parkm/OneDrive/문서/GitHub/Postrero_UE4/Postrero/Content/' took 0.01s
[2020.08.29-03.35.11:060][  0]LogUnrealEdMisc: Loading editor; pre map load, took 12.023
[2020.08.29-03.35.11:060][  0]Cmd: MAP LOAD FILE="../../../../../../Users/parkm/OneDrive/문서/GitHub/Postrero_UE4/Postrero/Content/FirstPersonBP/Maps/FirstPersonExampleMap.umap" TEMPLATE=0 SHOWPROGRESS=1 FEATURELEVEL=3
[2020.08.29-03.35.11:061][  0]LightingResults: New page: 라이팅 빌드
[2020.08.29-03.35.11:062][  0]LogWorld: UWorld::CleanupWorld for Untitled, bSessionEnded=true, bCleanupResources=true
[2020.08.29-03.35.11:062][  0]LogSlate: InvalidateAllWidgets triggered.  All widgets were invalidated
[2020.08.29-03.35.11:063][  0]MapCheck: New page: 맵 체크
[2020.08.29-03.35.11:063][  0]LightingResults: New page: 라이팅 빌드
[2020.08.29-03.35.11:075][  0]LogAISub: UAISubsystem::~UAISubsystem EnvQueryManager (000001D964FF3C00), frame # 0
[2020.08.29-03.35.11:075][  0]LogAISub: UAISubsystem::~UAISubsystem AIPerceptionSystem (000001D96508DBC0), frame # 0
[2020.08.29-03.35.11:075][  0]LogUObjectHash: Compacting FUObjectHashTables data took   0.68ms
[2020.08.29-03.35.11:426][  0]LogAIModule: Creating AISystem for world FirstPersonExampleMap
[2020.08.29-03.35.11:426][  0]LogAISub: UAISubsystem::UAISubsystem EnvQueryManager (000001D9532A3400), frame # 0
[2020.08.29-03.35.11:426][  0]LogAISub: UAISubsystem::UAISubsystem AIPerceptionSystem (000001D953A3AE80), frame # 0
[2020.08.29-03.35.11:447][  0]LogEditorServer: Finished looking for orphan Actors (0.000 secs)
[2020.08.29-03.35.11:461][  0]LogUObjectHash: Compacting FUObjectHashTables data took   0.79ms
[2020.08.29-03.35.11:461][  0]Cmd: MAP CHECKDEP NOCLEARLOG
[2020.08.29-03.35.11:461][  0]MapCheck: 맵 체크 완료: 오류 0 회, 경고 0 회, 소요 시간 0.365ms.
[2020.08.29-03.35.11:461][  0]LogFileHelpers: Loading map 'FirstPersonExampleMap' took 0.402
[2020.08.29-03.35.11:461][  0]LogAssetRegistry: Flushing asset discovery search because of synchronous request, this can take several seconds...
[2020.08.29-03.35.11:477][  0]LogAssetRegistry: Asset discovery search completed in 0.0151 seconds
[2020.08.29-03.35.11:487][  0]LogCollectionManager: Loaded 0 collections in 0.001844 seconds
[2020.08.29-03.35.11:491][  0]LogFileCache: Scanning file cache for directory 'C:/Users/parkm/OneDrive/문서/GitHub/Postrero_UE4/Postrero/Saved/Collections/' took 0.00s
[2020.08.29-03.35.11:491][  0]LogFileCache: Scanning file cache for directory 'C:/Users/parkm/OneDrive/문서/GitHub/Postrero_UE4/Postrero/Content/Developers/parkm/Collections/' took 0.00s
[2020.08.29-03.35.11:491][  0]LogFileCache: Scanning file cache for directory 'C:/Users/parkm/OneDrive/문서/GitHub/Postrero_UE4/Postrero/Content/Collections/' took 0.00s
[2020.08.29-03.35.11:491][  0]LogCollectionManager: Fixed up redirectors for 0 collections in 0.000004 seconds (updated 0 objects)
[2020.08.29-03.35.11:493][  0]LogUnrealEdMisc: Total Editor Startup Time, took 12.455
[2020.08.29-03.35.11:577][  0]LogWindowsTextInputMethodSystem: Display: IME system now activated using TSF (Microsoft 입력기).
[2020.08.29-03.35.11:682][  0]LogSlate: Updating window title bar state: overlay mode, drag disabled, window buttons hidden, title bar hidden
[2020.08.29-03.35.11:689][  0]LogSlate: Updating window title bar state: overlay mode, drag disabled, window buttons hidden, title bar hidden
[2020.08.29-03.35.11:695][  0]LogSlate: Updating window title bar state: overlay mode, drag disabled, window buttons hidden, title bar hidden
[2020.08.29-03.35.11:704][  0]LogSlate: Updating window title bar state: overlay mode, drag disabled, window buttons hidden, title bar hidden
[2020.08.29-03.35.11:755][  0]LogContentBrowser: Native class hierarchy populated in 0.0087 seconds. Added 3437 classes and 827 folders.
[2020.08.29-03.35.11:781][  0]LogContentBrowser: Native class hierarchy updated for 'WidgetCarousel' in 0.0003 seconds. Added 0 classes and 0 folders.
[2020.08.29-03.35.12:682][  0]LogContentBrowser: Native class hierarchy updated for 'AddContentDialog' in 0.0002 seconds. Added 0 classes and 0 folders.
[2020.08.29-03.35.12:690][  0]LogContentBrowser: Native class hierarchy updated for 'SceneOutliner' in 0.0003 seconds. Added 2 classes and 0 folders.
[2020.08.29-03.35.12:888][  0]LogSlate: Took 0.002406 seconds to synchronously load lazily loaded font '../../../Engine/Content/Editor/Slate/Fonts/NanumGothicBold.ttf' (4188K)
[2020.08.29-03.35.12:889][  0]LogSlate: Took 0.000319 seconds to synchronously load lazily loaded font '../../../Engine/Content/Slate/Fonts/Roboto-Bold.ttf' (160K)
[2020.08.29-03.35.12:898][  0]LogSlate: Took 0.001223 seconds to synchronously load lazily loaded font '../../../Engine/Content/Editor/Slate/Fonts/FontAwesome.ttf' (139K)
[2020.08.29-03.35.12:975][  0]LogRenderer: Reallocating scene render targets to support 1208x572 Format 10 NumSamples 1 (Frame:1).
[2020.08.29-03.35.13:106][  0]LogSlate: Took 0.001311 seconds to synchronously load lazily loaded font '../../../Engine/Content/Slate/Fonts/Roboto-Light.ttf' (167K)
[2020.08.29-03.35.13:177][  0]LogContentBrowser: Native class hierarchy updated for 'HierarchicalLODOutliner' in 0.0002 seconds. Added 0 classes and 0 folders.
[2020.08.29-03.35.13:178][  0]LogLoad: (Engine Initialization) Total time: 14.14 seconds
[2020.08.29-03.35.13:178][  0]LogLoad: (Engine Initialization) Total Blueprint compile time: 0.00 seconds
[2020.08.29-03.35.13:247][  0]LogContentStreaming: Texture pool size now 1000 MB
[2020.08.29-03.35.13:282][  1]LogSubstanceLiveLink: Warning: Unable to send data along socket, closing connection
[2020.08.29-03.37.45:002][909]LogEditorViewport: Clicking on Actor (context menu): TextRenderActor (TemplateLabel)
[2020.08.29-03.37.48:365][102]LogSlate: Took 0.000255 seconds to synchronously load lazily loaded font '../../../Engine/Content/Slate/Fonts/Roboto-Light.ttf' (167K)
[2020.08.29-03.37.48:453][102]LogAssetEditorSubsystem: Opening Asset editor for World /Game/Levels/Postrero_Start1.Postrero_Start1
[2020.08.29-03.37.48:463][102]LogUObjectHash: Compacting FUObjectHashTables data took   0.64ms
[2020.08.29-03.37.48:465][102]Cmd: MAP LOAD FILE="../../../../../../Users/parkm/OneDrive/문서/GitHub/Postrero_UE4/Postrero/Content/Levels/Postrero_Start1.umap" TEMPLATE=0 SHOWPROGRESS=1 FEATURELEVEL=3
[2020.08.29-03.37.48:465][102]LightingResults: New page: 라이팅 빌드
[2020.08.29-03.37.48:465][102]LoadErrors: New page: 맵 로드중: Postrero_Start1.umap
[2020.08.29-03.37.48:499][102]LogWorld: UWorld::CleanupWorld for FirstPersonExampleMap, bSessionEnded=true, bCleanupResources=true
[2020.08.29-03.37.48:500][102]LogSlate: InvalidateAllWidgets triggered.  All widgets were invalidated
[2020.08.29-03.37.48:500][102]MapCheck: New page: 맵 체크
[2020.08.29-03.37.48:500][102]LightingResults: New page: 라이팅 빌드
[2020.08.29-03.37.48:511][102]LogAISub: UAISubsystem::~UAISubsystem EnvQueryManager (000001D9532A3400), frame # 1102
[2020.08.29-03.37.48:511][102]LogAISub: UAISubsystem::~UAISubsystem AIPerceptionSystem (000001D953A3AE80), frame # 1102
[2020.08.29-03.37.48:512][102]LogUObjectHash: Compacting FUObjectHashTables data took   0.64ms
[2020.08.29-03.37.48:695][102]LogEditorServer: Finished looking for orphan Actors (0.000 secs)
[2020.08.29-03.37.48:695][102]LogAIModule: Creating AISystem for world Postrero_Start1
[2020.08.29-03.37.48:695][102]LogAISub: UAISubsystem::UAISubsystem EnvQueryManager (000001D98771FA00), frame # 1102
[2020.08.29-03.37.48:695][102]LogAISub: UAISubsystem::UAISubsystem AIPerceptionSystem (000001D913C1D6C0), frame # 1102
[2020.08.29-03.37.48:707][102]LogUObjectHash: Compacting FUObjectHashTables data took   0.56ms
[2020.08.29-03.37.48:719][102]Cmd: MAP CHECKDEP NOCLEARLOG
[2020.08.29-03.37.48:719][102]MapCheck: 맵 체크 완료: 오류 0 회, 경고 0 회, 소요 시간 0.26ms.
[2020.08.29-03.37.48:719][102]LogFileHelpers: Loading map 'Postrero_Start1' took 0.254
[2020.08.29-03.37.51:838][275]LogUObjectHash: Compacting FUObjectHashTables data took   0.22ms
[2020.08.29-03.37.55:169][471]SourceControl: fatal: C:/Program Files/Epic Games/UE_4.25/Engine/Content: 'C:/Program Files/Epic Games/UE_4.25/Engine/Content' is outside repository at 'C:/Users/parkm/OneDrive/문서/GitHub/Postrero_UE4'
[2020.08.29-03.37.55:169][471]SourceControl: fatal: C:/Program Files/Epic Games/UE_4.25/Engine/Plugins/2D/Paper2D/Content: 'C:/Program Files/Epic Games/UE_4.25/Engine/Plugins/2D/Paper2D/Content' is outside repository at 'C:/Users/parkm/OneDrive/문서/GitHub/Postrero_UE4'
[2020.08.29-03.37.55:169][471]SourceControl: fatal: C:/Program Files/Epic Games/UE_4.25/Engine/Plugins/Developer/AnimationSharing/Content: 'C:/Program Files/Epic Games/UE_4.25/Engine/Plugins/Developer/AnimationSharing/Content' is outside repository at 'C:/Users/parkm/OneDrive/문서/GitHub/Postrero_UE4'
[2020.08.29-03.37.55:169][471]SourceControl: fatal: C:/Program Files/Epic Games/UE_4.25/Engine/Plugins/Editor/GeometryMode/Content: 'C:/Program Files/Epic Games/UE_4.25/Engine/Plugins/Editor/GeometryMode/Content' is outside repository at 'C:/Users/parkm/OneDrive/문서/GitHub/Postrero_UE4'
[2020.08.29-03.37.55:169][471]SourceControl: fatal: C:/Program Files/Epic Games/UE_4.25/Engine/Plugins/Enterprise/DatasmithContent/Content: 'C:/Program Files/Epic Games/UE_4.25/Engine/Plugins/Enterprise/DatasmithContent/Content' is outside repository at 'C:/Users/parkm/OneDrive/문서/GitHub/Postrero_UE4'
[2020.08.29-03.37.55:169][471]SourceControl: fatal: C:/Program Files/Epic Games/UE_4.25/Engine/Plugins/Experimental/ChaosClothEditor/Content: 'C:/Program Files/Epic Games/UE_4.25/Engine/Plugins/Experimental/ChaosClothEditor/Content' is outside repository at 'C:/Users/parkm/OneDrive/문서/GitHub/Postrero_UE4'
[2020.08.29-03.37.55:169][471]SourceControl: fatal: C:/Program Files/Epic Games/UE_4.25/Engine/Plugins/Experimental/ChaosNiagara/Content: 'C:/Program Files/Epic Games/UE_4.25/Engine/Plugins/Experimental/ChaosNiagara/Content' is outside repository at 'C:/Users/parkm/OneDrive/문서/GitHub/Postrero_UE4'
[2020.08.29-03.37.55:169][471]SourceControl: fatal: C:/Program Files/Epic Games/UE_4.25/Engine/Plugins/Experimental/ChaosSolverPlugin/Content: 'C:/Program Files/Epic Games/UE_4.25/Engine/Plugins/Experimental/ChaosSolverPlugin/Content' is outside repository at 'C:/Users/parkm/OneDrive/문서/GitHub/Postrero_UE4'
[2020.08.29-03.37.55:169][471]SourceControl: fatal: C:/Program Files/Epic Games/UE_4.25/Engine/Plugins/Experimental/GeometryCollectionPlugin/Content: 'C:/Program Files/Epic Games/UE_4.25/Engine/Plugins/Experimental/GeometryCollectionPlugin/Content' is outside repository at 'C:/Users/parkm/OneDrive/문서/GitHub/Postrero_UE4'
[2020.08.29-03.37.55:169][471]SourceControl: fatal: C:/Program Files/Epic Games/UE_4.25/Engine/Plugins/Experimental/GeometryProcessing/Content: 'C:/Program Files/Epic Games/UE_4.25/Engine/Plugins/Experimental/GeometryProcessing/Content' is outside repository at 'C:/Users/parkm/OneDrive/문서/GitHub/Postrero_UE4'
[2020.08.29-03.37.55:169][471]SourceControl: fatal: C:/Program Files/Epic Games/UE_4.25/Engine/Plugins/FX/Niagara/Content: 'C:/Program Files/Epic Games/UE_4.25/Engine/Plugins/FX/Niagara/Content' is outside repository at 'C:/Users/parkm/OneDrive/문서/GitHub/Postrero_UE4'
[2020.08.29-03.37.55:169][471]SourceControl: fatal: C:/Program Files/Epic Games/UE_4.25/Engine/Plugins/Lumin/MagicLeap/Content: 'C:/Program Files/Epic Games/UE_4.25/Engine/Plugins/Lumin/MagicLeap/Content' is outside repository at 'C:/Users/parkm/OneDrive/문서/GitHub/Postrero_UE4'
[2020.08.29-03.37.55:169][471]SourceControl: fatal: C:/Program Files/Epic Games/UE_4.25/Engine/Plugins/Lumin/MagicLeapPassableWorld/Content: 'C:/Program Files/Epic Games/UE_4.25/Engine/Plugins/Lumin/MagicLeapPassableWorld/Content' is outside repository at 'C:/Users/parkm/OneDrive/문서/GitHub/Postrero_UE4'
[2020.08.29-03.37.55:169][471]SourceControl: fatal: C:/Program Files/Epic Games/UE_4.25/Engine/Plugins/Marketplace/Substance/Content: 'C:/Program Files/Epic Games/UE_4.25/Engine/Plugins/Marketplace/Substance/Content' is outside repository at 'C:/Users/parkm/OneDrive/문서/GitHub/Postrero_UE4'
[2020.08.29-03.37.55:169][471]SourceControl: fatal: C:/Program Files/Epic Games/UE_4.25/Engine/Plugins/Media/MediaCompositing/Content: 'C:/Program Files/Epic Games/UE_4.25/Engine/Plugins/Media/MediaCompositing/Content' is outside repository at 'C:/Users/parkm/OneDrive/문서/GitHub/Postrero_UE4'
[2020.08.29-03.37.55:169][471]SourceControl: fatal: C:/Program Files/Epic Games/UE_4.25/Engine/Plugins/MovieScene/MovieRenderPipeline/Content: 'C:/Program Files/Epic Games/UE_4.25/Engine/Plugins/MovieScene/MovieRenderPipeline/Content' is outside repository at 'C:/Users/parkm/OneDrive/문서/GitHub/Postrero_UE4'
[2020.08.29-03.37.55:169][471]SourceControl: fatal: C:/Program Files/Epic Games/UE_4.25/Engine/Plugins/Runtime/Oculus/OculusVR/Content: 'C:/Program Files/Epic Games/UE_4.25/Engine/Plugins/Runtime/Oculus/OculusVR/Content' is outside repository at 'C:/Users/parkm/OneDrive/문서/GitHub/Postrero_UE4'
[2020.08.29-03.37.55:169][471]SourceControl: fatal: C:/Program Files/Epic Games/UE_4.25/Engine/Plugins/Runtime/PostSplashScreen/Content: 'C:/Program Files/Epic Games/UE_4.25/Engine/Plugins/Runtime/PostSplashScreen/Content' is outside repository at 'C:/Users/parkm/OneDrive/문서/GitHub/Postrero_UE4'
[2020.08.29-03.37.55:169][471]SourceControl: fatal: C:/Program Files/Epic Games/UE_4.25/Engine/Plugins/Runtime/Steam/SteamVR/Content: 'C:/Program Files/Epic Games/UE_4.25/Engine/Plugins/Runtime/Steam/SteamVR/Content' is outside repository at 'C:/Users/parkm/OneDrive/문서/GitHub/Postrero_UE4'
[2020.08.29-03.38.03:549][471]LogSlate: Window '파일 제출' being destroyed
[2020.08.29-03.38.04:699][471]LogSourceControl: commit successful: [master 4f67a6d] update_1
[2020.08.29-03.38.04:777][471]SourceControl: [master 4f67a6d] update_1
[2020.08.29-03.38.04:777][471]SourceControl:  2 files changed, 0 insertions(+), 0 deletions(-)
[2020.08.29-03.38.04:783][471]SourceControl: [master 4f67a6d] update_1 커밋했습니다.
[2020.08.29-03.46.04:208][874]SourceControl: fatal: C:/Program Files/Epic Games/UE_4.25/Engine/Content: 'C:/Program Files/Epic Games/UE_4.25/Engine/Content' is outside repository at 'C:/Users/parkm/OneDrive/문서/GitHub/Postrero_UE4'
[2020.08.29-03.46.04:208][874]SourceControl: fatal: C:/Program Files/Epic Games/UE_4.25/Engine/Plugins/2D/Paper2D/Content: 'C:/Program Files/Epic Games/UE_4.25/Engine/Plugins/2D/Paper2D/Content' is outside repository at 'C:/Users/parkm/OneDrive/문서/GitHub/Postrero_UE4'
[2020.08.29-03.46.04:208][874]SourceControl: fatal: C:/Program Files/Epic Games/UE_4.25/Engine/Plugins/Developer/AnimationSharing/Content: 'C:/Program Files/Epic Games/UE_4.25/Engine/Plugins/Developer/AnimationSharing/Content' is outside repository at 'C:/Users/parkm/OneDrive/문서/GitHub/Postrero_UE4'
[2020.08.29-03.46.04:208][874]SourceControl: fatal: C:/Program Files/Epic Games/UE_4.25/Engine/Plugins/Editor/GeometryMode/Content: 'C:/Program Files/Epic Games/UE_4.25/Engine/Plugins/Editor/GeometryMode/Content' is outside repository at 'C:/Users/parkm/OneDrive/문서/GitHub/Postrero_UE4'
[2020.08.29-03.46.04:208][874]SourceControl: fatal: C:/Program Files/Epic Games/UE_4.25/Engine/Plugins/Enterprise/DatasmithContent/Content: 'C:/Program Files/Epic Games/UE_4.25/Engine/Plugins/Enterprise/DatasmithContent/Content' is outside repository at 'C:/Users/parkm/OneDrive/문서/GitHub/Postrero_UE4'
[2020.08.29-03.46.04:208][874]SourceControl: fatal: C:/Program Files/Epic Games/UE_4.25/Engine/Plugins/Experimental/ChaosClothEditor/Content: 'C:/Program Files/Epic Games/UE_4.25/Engine/Plugins/Experimental/ChaosClothEditor/Content' is outside repository at 'C:/Users/parkm/OneDrive/문서/GitHub/Postrero_UE4'
[2020.08.29-03.46.04:208][874]SourceControl: fatal: C:/Program Files/Epic Games/UE_4.25/Engine/Plugins/Experimental/ChaosNiagara/Content: 'C:/Program Files/Epic Games/UE_4.25/Engine/Plugins/Experimental/ChaosNiagara/Content' is outside repository at 'C:/Users/parkm/OneDrive/문서/GitHub/Postrero_UE4'
[2020.08.29-03.46.04:208][874]SourceControl: fatal: C:/Program Files/Epic Games/UE_4.25/Engine/Plugins/Experimental/ChaosSolverPlugin/Content: 'C:/Program Files/Epic Games/UE_4.25/Engine/Plugins/Experimental/ChaosSolverPlugin/Content' is outside repository at 'C:/Users/parkm/OneDrive/문서/GitHub/Postrero_UE4'
[2020.08.29-03.46.04:208][874]SourceControl: fatal: C:/Program Files/Epic Games/UE_4.25/Engine/Plugins/Experimental/GeometryCollectionPlugin/Content: 'C:/Program Files/Epic Games/UE_4.25/Engine/Plugins/Experimental/GeometryCollectionPlugin/Content' is outside repository at 'C:/Users/parkm/OneDrive/문서/GitHub/Postrero_UE4'
[2020.08.29-03.46.04:208][874]SourceControl: fatal: C:/Program Files/Epic Games/UE_4.25/Engine/Plugins/Experimental/GeometryProcessing/Content: 'C:/Program Files/Epic Games/UE_4.25/Engine/Plugins/Experimental/GeometryProcessing/Content' is outside repository at 'C:/Users/parkm/OneDrive/문서/GitHub/Postrero_UE4'
[2020.08.29-03.46.04:209][874]SourceControl: fatal: C:/Program Files/Epic Games/UE_4.25/Engine/Plugins/FX/Niagara/Content: 'C:/Program Files/Epic Games/UE_4.25/Engine/Plugins/FX/Niagara/Content' is outside repository at 'C:/Users/parkm/OneDrive/문서/GitHub/Postrero_UE4'
[2020.08.29-03.46.04:209][874]SourceControl: fatal: C:/Program Files/Epic Games/UE_4.25/Engine/Plugins/Lumin/MagicLeap/Content: 'C:/Program Files/Epic Games/UE_4.25/Engine/Plugins/Lumin/MagicLeap/Content' is outside repository at 'C:/Users/parkm/OneDrive/문서/GitHub/Postrero_UE4'
[2020.08.29-03.46.04:209][874]SourceControl: fatal: C:/Program Files/Epic Games/UE_4.25/Engine/Plugins/Lumin/MagicLeapPassableWorld/Content: 'C:/Program Files/Epic Games/UE_4.25/Engine/Plugins/Lumin/MagicLeapPassableWorld/Content' is outside repository at 'C:/Users/parkm/OneDrive/문서/GitHub/Postrero_UE4'
[2020.08.29-03.46.04:209][874]SourceControl: fatal: C:/Program Files/Epic Games/UE_4.25/Engine/Plugins/Marketplace/Substance/Content: 'C:/Program Files/Epic Games/UE_4.25/Engine/Plugins/Marketplace/Substance/Content' is outside repository at 'C:/Users/parkm/OneDrive/문서/GitHub/Postrero_UE4'
[2020.08.29-03.46.04:209][874]SourceControl: fatal: C:/Program Files/Epic Games/UE_4.25/Engine/Plugins/Media/MediaCompositing/Content: 'C:/Program Files/Epic Games/UE_4.25/Engine/Plugins/Media/MediaCompositing/Content' is outside repository at 'C:/Users/parkm/OneDrive/문서/GitHub/Postrero_UE4'
[2020.08.29-03.46.04:209][874]SourceControl: fatal: C:/Program Files/Epic Games/UE_4.25/Engine/Plugins/MovieScene/MovieRenderPipeline/Content: 'C:/Program Files/Epic Games/UE_4.25/Engine/Plugins/MovieScene/MovieRenderPipeline/Content' is outside repository at 'C:/Users/parkm/OneDrive/문서/GitHub/Postrero_UE4'
[2020.08.29-03.46.04:209][874]SourceControl: fatal: C:/Program Files/Epic Games/UE_4.25/Engine/Plugins/Runtime/Oculus/OculusVR/Content: 'C:/Program Files/Epic Games/UE_4.25/Engine/Plugins/Runtime/Oculus/OculusVR/Content' is outside repository at 'C:/Users/parkm/OneDrive/문서/GitHub/Postrero_UE4'
[2020.08.29-03.46.04:209][874]SourceControl: fatal: C:/Program Files/Epic Games/UE_4.25/Engine/Plugins/Runtime/PostSplashScreen/Content: 'C:/Program Files/Epic Games/UE_4.25/Engine/Plugins/Runtime/PostSplashScreen/Content' is outside repository at 'C:/Users/parkm/OneDrive/문서/GitHub/Postrero_UE4'
[2020.08.29-03.46.04:209][874]SourceControl: fatal: C:/Program Files/Epic Games/UE_4.25/Engine/Plugins/Runtime/Steam/SteamVR/Content: 'C:/Program Files/Epic Games/UE_4.25/Engine/Plugins/Runtime/Steam/SteamVR/Content' is outside repository at 'C:/Users/parkm/OneDrive/문서/GitHub/Postrero_UE4'
[2020.08.29-03.46.04:353][874]EditorErrors: Warning: 체크인 대상 애셋이 없습니다!
[2020.08.29-04.27.45:022][509]LogAudioMixer: Warning: Changing default audio render device to new device: {0.0.0.00000000}.{395563f7-fbbf-419a-8d60-de0f65c9b756}.
[2020.08.29-04.27.45:022][509]LogTemp: Resetting audio stream to device id 
[2020.08.29-04.27.45:053][509]LogAudioMixer: Display: 0: FrontLeft
[2020.08.29-04.27.45:053][509]LogAudioMixer: Display: 1: FrontRight
[2020.08.29-04.38.28:246][430]LogEditorViewport: Clicking on Actor (LMB): Landscape (Landscape)
[2020.08.29-05.04.45:957][180]LogAudioMixer: Warning: Changing default audio render device to new device: {0.0.0.00000000}.{a1cce9a2-16d8-4bf4-b4d9-83591f592b3f}.
[2020.08.29-05.04.45:957][180]LogTemp: Resetting audio stream to device id 
[2020.08.29-05.04.45:999][180]LogAudioMixer: Display: 0: FrontLeft
[2020.08.29-05.04.45:999][180]LogAudioMixer: Display: 1: FrontRight
[2020.08.29-05.04.45:999][180]LogAudioMixer: Display: 2: FrontCenter
[2020.08.29-05.04.45:999][180]LogAudioMixer: Display: 3: LowFrequency
[2020.08.29-05.04.45:999][180]LogAudioMixer: Display: 4: BackLeft
[2020.08.29-05.04.45:999][180]LogAudioMixer: Display: 5: BackRight
[2020.08.29-05.04.45:999][180]LogAudioMixer: Display: 6: SideLeft
[2020.08.29-05.04.45:999][180]LogAudioMixer: Display: 7: SideRight
[2020.08.29-06.28.01:512][ 73]LogAudioMixer: Warning: Changing default audio render device to new device: {0.0.0.00000000}.{395563f7-fbbf-419a-8d60-de0f65c9b756}.
[2020.08.29-06.28.01:512][ 73]LogTemp: Resetting audio stream to device id 
[2020.08.29-06.28.01:767][ 73]LogAudioMixer: Display: 0: FrontLeft
[2020.08.29-06.28.01:767][ 73]LogAudioMixer: Display: 1: FrontRight
[2020.08.29-06.28.23:420][137]LogAudioMixer: Warning: Changing default audio render device to new device: {0.0.0.00000000}.{a1cce9a2-16d8-4bf4-b4d9-83591f592b3f}.
[2020.08.29-06.28.23:420][137]LogTemp: Resetting audio stream to device id 
[2020.08.29-06.28.23:488][137]LogAudioMixer: Display: 0: FrontLeft
[2020.08.29-06.28.23:488][137]LogAudioMixer: Display: 1: FrontRight
[2020.08.29-06.28.23:488][137]LogAudioMixer: Display: 2: FrontCenter
[2020.08.29-06.28.23:488][137]LogAudioMixer: Display: 3: LowFrequency
[2020.08.29-06.28.23:488][137]LogAudioMixer: Display: 4: BackLeft
[2020.08.29-06.28.23:488][137]LogAudioMixer: Display: 5: BackRight
[2020.08.29-06.28.23:488][137]LogAudioMixer: Display: 6: SideLeft
[2020.08.29-06.28.23:488][137]LogAudioMixer: Display: 7: SideRight
[2020.08.29-11.23.15:259][865]LogAudioMixer: Warning: Changing default audio render device to new device: {0.0.0.00000000}.{395563f7-fbbf-419a-8d60-de0f65c9b756}.
[2020.08.29-11.23.15:259][865]LogTemp: Resetting audio stream to device id 
[2020.08.29-11.23.15:506][865]LogAudioMixer: Display: 0: FrontLeft
[2020.08.29-11.23.15:506][865]LogAudioMixer: Display: 1: FrontRight
[2020.08.29-11.24.24:394][209]LogUObjectHash: Compacting FUObjectHashTables data took   5.65ms
[2020.08.29-11.24.28:059][421]SourceControl: fatal: C:/Program Files/Epic Games/UE_4.25/Engine/Content: 'C:/Program Files/Epic Games/UE_4.25/Engine/Content' is outside repository at 'C:/Users/parkm/OneDrive/문서/GitHub/Postrero_UE4'
[2020.08.29-11.24.28:059][421]SourceControl: fatal: C:/Program Files/Epic Games/UE_4.25/Engine/Plugins/2D/Paper2D/Content: 'C:/Program Files/Epic Games/UE_4.25/Engine/Plugins/2D/Paper2D/Content' is outside repository at 'C:/Users/parkm/OneDrive/문서/GitHub/Postrero_UE4'
[2020.08.29-11.24.28:059][421]SourceControl: fatal: C:/Program Files/Epic Games/UE_4.25/Engine/Plugins/Developer/AnimationSharing/Content: 'C:/Program Files/Epic Games/UE_4.25/Engine/Plugins/Developer/AnimationSharing/Content' is outside repository at 'C:/Users/parkm/OneDrive/문서/GitHub/Postrero_UE4'
[2020.08.29-11.24.28:059][421]SourceControl: fatal: C:/Program Files/Epic Games/UE_4.25/Engine/Plugins/Editor/GeometryMode/Content: 'C:/Program Files/Epic Games/UE_4.25/Engine/Plugins/Editor/GeometryMode/Content' is outside repository at 'C:/Users/parkm/OneDrive/문서/GitHub/Postrero_UE4'
[2020.08.29-11.24.28:059][421]SourceControl: fatal: C:/Program Files/Epic Games/UE_4.25/Engine/Plugins/Enterprise/DatasmithContent/Content: 'C:/Program Files/Epic Games/UE_4.25/Engine/Plugins/Enterprise/DatasmithContent/Content' is outside repository at 'C:/Users/parkm/OneDrive/문서/GitHub/Postrero_UE4'
[2020.08.29-11.24.28:059][421]SourceControl: fatal: C:/Program Files/Epic Games/UE_4.25/Engine/Plugins/Experimental/ChaosClothEditor/Content: 'C:/Program Files/Epic Games/UE_4.25/Engine/Plugins/Experimental/ChaosClothEditor/Content' is outside repository at 'C:/Users/parkm/OneDrive/문서/GitHub/Postrero_UE4'
[2020.08.29-11.24.28:059][421]SourceControl: fatal: C:/Program Files/Epic Games/UE_4.25/Engine/Plugins/Experimental/ChaosNiagara/Content: 'C:/Program Files/Epic Games/UE_4.25/Engine/Plugins/Experimental/ChaosNiagara/Content' is outside repository at 'C:/Users/parkm/OneDrive/문서/GitHub/Postrero_UE4'
[2020.08.29-11.24.28:059][421]SourceControl: fatal: C:/Program Files/Epic Games/UE_4.25/Engine/Plugins/Experimental/ChaosSolverPlugin/Content: 'C:/Program Files/Epic Games/UE_4.25/Engine/Plugins/Experimental/ChaosSolverPlugin/Content' is outside repository at 'C:/Users/parkm/OneDrive/문서/GitHub/Postrero_UE4'
[2020.08.29-11.24.28:059][421]SourceControl: fatal: C:/Program Files/Epic Games/UE_4.25/Engine/Plugins/Experimental/GeometryCollectionPlugin/Content: 'C:/Program Files/Epic Games/UE_4.25/Engine/Plugins/Experimental/GeometryCollectionPlugin/Content' is outside repository at 'C:/Users/parkm/OneDrive/문서/GitHub/Postrero_UE4'
[2020.08.29-11.24.28:059][421]SourceControl: fatal: C:/Program Files/Epic Games/UE_4.25/Engine/Plugins/Experimental/GeometryProcessing/Content: 'C:/Program Files/Epic Games/UE_4.25/Engine/Plugins/Experimental/GeometryProcessing/Content' is outside repository at 'C:/Users/parkm/OneDrive/문서/GitHub/Postrero_UE4'
[2020.08.29-11.24.28:059][421]SourceControl: fatal: C:/Program Files/Epic Games/UE_4.25/Engine/Plugins/FX/Niagara/Content: 'C:/Program Files/Epic Games/UE_4.25/Engine/Plugins/FX/Niagara/Content' is outside repository at 'C:/Users/parkm/OneDrive/문서/GitHub/Postrero_UE4'
[2020.08.29-11.24.28:059][421]SourceControl: fatal: C:/Program Files/Epic Games/UE_4.25/Engine/Plugins/Lumin/MagicLeap/Content: 'C:/Program Files/Epic Games/UE_4.25/Engine/Plugins/Lumin/MagicLeap/Content' is outside repository at 'C:/Users/parkm/OneDrive/문서/GitHub/Postrero_UE4'
[2020.08.29-11.24.28:059][421]SourceControl: fatal: C:/Program Files/Epic Games/UE_4.25/Engine/Plugins/Lumin/MagicLeapPassableWorld/Content: 'C:/Program Files/Epic Games/UE_4.25/Engine/Plugins/Lumin/MagicLeapPassableWorld/Content' is outside repository at 'C:/Users/parkm/OneDrive/문서/GitHub/Postrero_UE4'
[2020.08.29-11.24.28:059][421]SourceControl: fatal: C:/Program Files/Epic Games/UE_4.25/Engine/Plugins/Marketplace/Substance/Content: 'C:/Program Files/Epic Games/UE_4.25/Engine/Plugins/Marketplace/Substance/Content' is outside repository at 'C:/Users/parkm/OneDrive/문서/GitHub/Postrero_UE4'
[2020.08.29-11.24.28:059][421]SourceControl: fatal: C:/Program Files/Epic Games/UE_4.25/Engine/Plugins/Media/MediaCompositing/Content: 'C:/Program Files/Epic Games/UE_4.25/Engine/Plugins/Media/MediaCompositing/Content' is outside repository at 'C:/Users/parkm/OneDrive/문서/GitHub/Postrero_UE4'
[2020.08.29-11.24.28:059][421]SourceControl: fatal: C:/Program Files/Epic Games/UE_4.25/Engine/Plugins/MovieScene/MovieRenderPipeline/Content: 'C:/Program Files/Epic Games/UE_4.25/Engine/Plugins/MovieScene/MovieRenderPipeline/Content' is outside repository at 'C:/Users/parkm/OneDrive/문서/GitHub/Postrero_UE4'
[2020.08.29-11.24.28:059][421]SourceControl: fatal: C:/Program Files/Epic Games/UE_4.25/Engine/Plugins/Runtime/Oculus/OculusVR/Content: 'C:/Program Files/Epic Games/UE_4.25/Engine/Plugins/Runtime/Oculus/OculusVR/Content' is outside repository at 'C:/Users/parkm/OneDrive/문서/GitHub/Postrero_UE4'
[2020.08.29-11.24.28:059][421]SourceControl: fatal: C:/Program Files/Epic Games/UE_4.25/Engine/Plugins/Runtime/PostSplashScreen/Content: 'C:/Program Files/Epic Games/UE_4.25/Engine/Plugins/Runtime/PostSplashScreen/Content' is outside repository at 'C:/Users/parkm/OneDrive/문서/GitHub/Postrero_UE4'
[2020.08.29-11.24.28:059][421]SourceControl: fatal: C:/Program Files/Epic Games/UE_4.25/Engine/Plugins/Runtime/Steam/SteamVR/Content: 'C:/Program Files/Epic Games/UE_4.25/Engine/Plugins/Runtime/Steam/SteamVR/Content' is outside repository at 'C:/Users/parkm/OneDrive/문서/GitHub/Postrero_UE4'
[2020.08.29-11.24.28:221][421]EditorErrors: Warning: 체크인 대상 애셋이 없습니다!
